{"time":"2025-09-02T12:15:31.329Z","id":"o_0e65afa1-d0d0-4cb1-a7f6-ed405e27010a","symbol":"EURUSD","direction":"sell","entry":1.16414,"sl":1.16514,"tp":1.16234,"size":4000,"indicators":{"rsi15":41.96,"macd15Hist":0.0002810006701761661,"atr":0.0002381223960272968},"result":null}
{"time":"2025-09-02T12:15:34.013Z","id":"o_6853ecf4-ecc8-4a06-9cdc-35fb5c434b03","symbol":"GBPUSD","direction":"sell","entry":1.33751,"sl":1.33851,"tp":1.33571,"size":4000,"indicators":{"rsi15":28.37,"macd15Hist":0.00024047685550382348,"atr":0.00035723459234081984},"result":null}
{"time":"2025-09-02T12:15:38.964Z","id":"o_0078de75-00e0-481d-8b8b-dd284f9fafae","symbol":"USDCHF","direction":"buy","entry":0.80464,"sl":0.80364,"tp":0.80644,"size":3900,"indicators":{"rsi15":58.53,"macd15Hist":-0.00014985189482555838,"atr":0.00016202199905904612},"result":null}
{"time":"2025-09-02T12:26:33.700Z","id":"o_98344a2b-3e7b-4f6f-b347-69ae8a14a895","symbol":"GBPUSD","direction":"sell","entry":1.33549,"sl":1.33691,"tp":1.33293,"size":2800,"indicators":{"rsi15":24.05,"macd15Hist":0.00011730876433585459,"atr":0.0004045829445982442},"result":null}
{"time":"2025-09-02T13:15:18.937Z","id":"o_c3033a60-788f-4391-9edf-80aa0efb5936","symbol":"EURGBP","direction":"buy","entry":0.87086,"sl":0.86977,"tp":0.87282,"size":3600,"indicators":{"rsi15":70.04,"macd15Hist":2.307722761416258e-7,"atr":0.00017153789783521707},"result":null}
{"time":"2025-09-02T13:15:23.929Z","id":"o_e2d91a81-de23-4f53-a735-923f89bceff7","symbol":"EURJPY","direction":"buy","entry":172.958,"sl":172.838,"tp":173.174,"size":100,"indicators":{"rsi15":51.53,"macd15Hist":-0.005090570433118571,"atr":0.032657180994224023},"result":null}
{"time":"2025-09-02T13:30:28.524Z","id":"o_b8f7ed9f-b5f7-4867-8235-3f4387d9e9cd","symbol":"USDCAD","direction":"buy","entry":1.38014,"sl":1.37914,"tp":1.38194,"size":4000,"indicators":{"rsi15":65.16,"macd15Hist":0.00009038287256671936,"atr":0.00020179616405692377},"result":null}
{"time":"2025-09-02T13:36:21.235Z","id":"o_0ec2ca19-e079-4607-b578-dbc8d60766ea","symbol":"USDCHF","direction":"buy","entry":0.80397,"sl":0.80297,"tp":0.80577,"size":4000,"indicators":{"rsi15":47,"macd15Hist":-0.00022842763413344152,"atr":0.00019067282266315734},"result":null}
{"time":"2025-09-02T13:41:14.329Z","id":"o_cff3982f-892d-4e70-99a3-7c955157064f","symbol":"EURUSD","direction":"sell","entry":1.16483,"sl":1.16583,"tp":1.16303,"size":3900,"indicators":{"rsi15":51.79,"macd15Hist":0.00032957236260840487,"atr":0.0002512264239378621},"result":null}
{"time":"2025-09-02T13:44:28.309Z","id":"o_e973e5e8-62fd-4347-a047-d13f6d90f166","symbol":"USDCAD","direction":"buy","entry":1.37933,"sl":1.37833,"tp":1.38113,"size":3900,"indicators":{"rsi15":56.78,"macd15Hist":0.000037414211598053035,"atr":0.0002413088098161114},"result":null}
{"time":"2025-09-02T14:00:23.558Z","id":"o_6cddae05-075c-4744-91ba-f6a1685b9e3f","symbol":"EURJPY","direction":"buy","entry":172.929,"sl":172.78,"tp":173.197,"size":100,"indicators":{"rsi15":49.36,"macd15Hist":-0.014012439010137837,"atr":0.0395257819898823},"result":null}
{"time":"2025-09-02T14:01:25.849Z","id":"o_caa55232-912b-4c54-93b5-403bc106dab4","symbol":"USDJPY","direction":"buy","entry":148.284,"sl":148.164,"tp":148.5,"size":100,"indicators":{"rsi15":40.84,"macd15Hist":-0.0757002386936439,"atr":0.04574700613991231},"result":null}
{"time":"2025-09-02T14:08:25.892Z","id":"o_95879f65-ac0e-474b-8b66-55c0681b8665","symbol":"USDJPY","direction":"buy","entry":148.131,"sl":148.011,"tp":148.347,"size":100,"indicators":{"rsi15":36.02,"macd15Hist":-0.08540052359394862,"atr":0.05110793227687641},"result":null}
{"time":"2025-09-02T14:15:18.978Z","id":"o_1f260912-c9dd-4d9a-922c-0416c36d6b36","symbol":"EURGBP","direction":"buy","entry":0.87061,"sl":0.86947,"tp":0.87266,"size":3400,"indicators":{"rsi15":63.38,"macd15Hist":-0.0001216348217384244,"atr":0.0001983054232825677},"result":null}
{"time":"2025-09-02T14:30:14.359Z","id":"o_44831b42-7a61-437a-93c5-73c4fc64d860","symbol":"EURUSD","direction":"sell","entry":1.16719,"sl":1.16826,"tp":1.16526,"size":3600,"indicators":{"rsi15":61.34,"macd15Hist":0.0007041985960612297,"atr":0.0003024833552872394},"result":null}
{"time":"2025-09-02T14:30:17.057Z","id":"o_63cb3125-9a4b-4d30-af21-5ad364192060","symbol":"GBPUSD","direction":"sell","entry":1.34083,"sl":1.34184,"tp":1.33901,"size":3800,"indicators":{"rsi15":52.77,"macd15Hist":0.0009921214410421237,"atr":0.0003697507674643102},"result":null}
{"time":"2025-09-02T14:30:22.165Z","id":"o_c90ed2fb-bc93-43a3-8936-1bab1c23ce71","symbol":"USDCHF","direction":"buy","entry":0.80292,"sl":0.80181,"tp":0.80492,"size":3500,"indicators":{"rsi15":41.47,"macd15Hist":-0.00035848341374667574,"atr":0.00021991668465011109},"result":null}
{"time":"2025-09-02T14:30:27.156Z","id":"o_642a52d2-5b13-45c8-b18b-162c7780eefe","symbol":"USDJPY","direction":"buy","entry":148.059,"sl":147.922,"tp":148.306,"size":100,"indicators":{"rsi15":34.28,"macd15Hist":-0.10640481744139603,"atr":0.043948696458003526},"result":null}
{"time":"2025-09-02T14:30:29.842Z","id":"o_e4a2a77e-a92e-4948-9c58-8d8f55c04aeb","symbol":"USDCAD","direction":"buy","entry":1.37887,"sl":1.37785,"tp":1.38071,"size":3800,"indicators":{"rsi15":53.9,"macd15Hist":-0.0001969055544381029,"atr":0.00024987940349808146},"result":null}
{"time":"2025-09-02T15:45:14.377Z","id":"o_0d130e9c-ab39-4d41-a529-aaae2daedfcf","symbol":"EURUSD","direction":"sell","entry":1.16549,"sl":1.16649,"tp":1.16369,"size":3900,"indicators":{"rsi15":51.31,"macd15Hist":0.00025258469746337404,"atr":0.0002690125718868907},"result":null}
{"time":"2025-09-02T15:45:17.100Z","id":"o_578c528e-e287-46c9-a4a4-337e452b885a","symbol":"GBPUSD","direction":"sell","entry":1.33833,"sl":1.33933,"tp":1.33653,"size":3900,"indicators":{"rsi15":43.79,"macd15Hist":0.0004204658310986778,"atr":0.0003326904243954762},"result":null}
{"time":"2025-09-02T16:42:19.042Z","id":"o_991d0944-d4da-4749-bf55-ff4506566270","symbol":"USDJPY","direction":"buy","entry":148.306,"sl":148.186,"tp":148.522,"size":100,"indicators":{"rsi15":48.55,"macd15Hist":-0.014477975319220925,"atr":0.018604208243710167},"result":null}
{"time":"2025-09-02T16:42:21.731Z","id":"o_504d0a8d-5a0f-48d1-9417-8b1fbbd44575","symbol":"USDCAD","direction":"buy","entry":1.37804,"sl":1.37702,"tp":1.37988,"size":3900,"indicators":{"rsi15":43.8,"macd15Hist":-0.00025249021904749533,"atr":0.00014087730128644856},"result":null}
{"time":"2025-09-02T17:15:16.764Z","id":"o_d8de0939-242e-4237-9f93-da15931c5885","symbol":"GBPUSD","direction":"sell","entry":1.33866,"sl":1.33966,"tp":1.33686,"size":3900,"indicators":{"rsi15":45.68,"macd15Hist":0.00024079466717770372,"atr":0.00016317503778937224},"result":null}
{"time":"2025-09-02T18:45:14.468Z","id":"o_aaf7e1ea-3609-480a-8118-6a0161fb1189","symbol":"EURUSD","direction":"sell","entry":1.16309,"sl":1.16409,"tp":1.16129,"size":4000,"indicators":{"rsi15":36.71,"macd15Hist":-0.00019175375927971619,"atr":0.00011240231523633565},"result":null}
{"time":"2025-09-02T18:59:19.013Z","id":"o_f2df9bd0-7c0f-4629-97ff-904c79904155","symbol":"USDJPY","direction":"buy","entry":148.515,"sl":148.395,"tp":148.731,"size":100,"indicators":{"rsi15":60.88,"macd15Hist":0.027051926327513277,"atr":0.01730428059918599},"result":null}
{"time":"2025-09-02T21:15:19.009Z","id":"o_86239b0c-4691-46d3-98ad-6e93571786cb","symbol":"AUDJPY","direction":"buy","entry":96.71,"sl":96.413,"tp":97.245,"size":100,"indicators":{"rsi15":32.85,"macd15Hist":-0.022526895376820368,"atr":0.03026833178899708},"result":null}
{"time":"2025-09-02T22:15:21.422Z","id":"o_8dc45c60-96ff-4b0e-853e-8761903096d1","symbol":"NZDJPY","direction":"buy","entry":87.018,"sl":86.898,"tp":87.234,"size":100,"indicators":{"rsi15":53.62,"macd15Hist":0.0011313474018224512,"atr":0.010043150252955685},"result":null}
{"time":"2025-09-02T23:15:25.952Z","id":"o_5fc9ca50-7bee-4575-ad11-5efe5353f025","symbol":"EURJPY","direction":"sell","entry":172.783,"sl":172.903,"tp":172.567,"size":100,"indicators":{"rsi15":57.06,"macd15Hist":0.0211364235099011,"atr":0.019102763587006636},"result":null}
{"time":"2025-09-02T23:45:23.621Z","id":"o_01d1139a-a9eb-4cab-89c4-b0dafc46f025","symbol":"USDJPY","direction":"buy","entry":148.582,"sl":148.462,"tp":148.798,"size":100,"indicators":{"rsi15":68.64,"macd15Hist":0.024764875893670206,"atr":0.013773634955960831},"result":null}
{"time":"2025-09-03T00:15:25.872Z","id":"o_7857b6e2-db3a-4cb1-86a6-0db0e5c251c2","symbol":"EURJPY","direction":"sell","entry":172.809,"sl":172.929,"tp":172.593,"size":100,"indicators":{"rsi15":56.05,"macd15Hist":0.017650201947058842,"atr":0.027363579464719227},"result":null}
{"time":"2025-09-03T01:30:23.659Z","id":"o_ec9333b7-152b-4912-b547-0d752d49ab52","symbol":"USDJPY","direction":"buy","entry":148.784,"sl":148.664,"tp":149,"size":100,"indicators":{"rsi15":77.35,"macd15Hist":0.03185713025447953,"atr":0.0198459273662296},"result":null}
{"time":"2025-09-03T01:30:26.355Z","id":"o_fd9f5fcd-f028-4793-a608-1dbe4c06c8d3","symbol":"EURJPY","direction":"buy","entry":173.085,"sl":172.963,"tp":173.305,"size":100,"indicators":{"rsi15":70.52,"macd15Hist":0.03634574932138721,"atr":0.023037124764857145},"result":null}
{"time":"2025-09-03T03:45:21.345Z","id":"o_99365125-a068-4242-90ed-5baebd1ce672","symbol":"NZDJPY","direction":"buy","entry":87.26,"sl":87.14,"tp":87.476,"size":100,"indicators":{"rsi15":65.54,"macd15Hist":0.005897997599797963,"atr":0.010150476971219617},"result":null}
{"time":"2025-09-03T05:15:14.542Z","id":"o_49b307cc-2f0d-4588-ac56-7606ad78c000","symbol":"USDJPY","direction":"buy","entry":148.642,"sl":148.522,"tp":148.858,"size":100,"indicators":{"rsi15":45.31,"macd15Hist":-0.04175706362692247,"atr":0.017556297791068515},"result":null}
{"time":"2025-09-03T05:15:17.219Z","id":"o_f5fb5a42-3be4-40a5-8823-168927252cb2","symbol":"EURJPY","direction":"buy","entry":172.888,"sl":172.768,"tp":173.104,"size":100,"indicators":{"rsi15":44.33,"macd15Hist":-0.03615666069658748,"atr":0.01873473976724928},"result":null}
{"time":"2025-09-03T05:24:14.490Z","id":"o_83382216-7774-4aa1-931d-03bc8fe73dfc","symbol":"USDJPY","direction":"buy","entry":148.53,"sl":148.41,"tp":148.746,"size":100,"indicators":{"rsi15":37.88,"macd15Hist":-0.04896845963831631,"atr":0.01935246010801059},"result":null}
{"time":"2025-09-03T05:24:17.150Z","id":"o_3ea47b55-6128-4adf-969a-f57b9e84117d","symbol":"EURJPY","direction":"buy","entry":172.798,"sl":172.678,"tp":173.014,"size":100,"indicators":{"rsi15":37.8,"macd15Hist":-0.04253842707835195,"atr":0.019476399182654956},"result":null}
{"time":"2025-09-03T07:00:16.822Z","id":"o_0c46423a-124e-472b-9ac9-5f16ae8aac0d","symbol":"GBPUSD","direction":"sell","entry":1.33761,"sl":1.33861,"tp":1.33581,"size":3900,"indicators":{"rsi15":53.23,"macd15Hist":0.00021400973678136585,"atr":0.00020860250662195235},"result":null}
{"time":"2025-09-03T07:15:23.688Z","id":"o_5070c290-9ed8-4972-8e4c-38c336c93481","symbol":"EURJPY","direction":"buy","entry":173.014,"sl":172.894,"tp":173.23,"size":100,"indicators":{"rsi15":55.7,"macd15Hist":0.0011107085255725726,"atr":0.025217235899781542},"result":null}
{"time":"2025-09-03T08:45:14.514Z","id":"o_463e0ce2-aef9-4ac9-be0b-c78f25657217","symbol":"EURUSD","direction":"sell","entry":1.16458,"sl":1.16558,"tp":1.16278,"size":3900,"indicators":{"rsi15":59.58,"macd15Hist":0.00022247627853909567,"atr":0.0001755628146657469},"result":null}
{"time":"2025-09-03T08:45:17.180Z","id":"o_33176b1e-65e0-4b3a-a356-96c82ef68ce3","symbol":"GBPUSD","direction":"sell","entry":1.3387,"sl":1.3397,"tp":1.3369,"size":3900,"indicators":{"rsi15":58.3,"macd15Hist":0.00028273374745032295,"atr":0.0002734460255734153},"result":null}
{"time":"2025-09-03T08:56:14.518Z","id":"o_778ef21a-7083-4a37-a5f2-2b504cc9f4c2","symbol":"EURUSD","direction":"sell","entry":1.16555,"sl":1.16655,"tp":1.16375,"size":3900,"indicators":{"rsi15":64.9,"macd15Hist":0.00028182670588941994,"atr":0.0002036394078228414},"result":null}
{"time":"2025-09-03T08:57:16.824Z","id":"o_5975cb07-9022-479e-bebf-e574ae927efa","symbol":"GBPUSD","direction":"sell","entry":1.34045,"sl":1.34145,"tp":1.33865,"size":3900,"indicators":{"rsi15":65.55,"macd15Hist":0.00039760554232211884,"atr":0.0003323970723861512},"result":null}
{"time":"2025-09-03T08:57:21.763Z","id":"o_9eb83c6b-40ee-44ec-899f-343151df5c42","symbol":"USDCHF","direction":"buy","entry":0.80422,"sl":0.8032,"tp":0.80606,"size":3800,"indicators":{"rsi15":36.85,"macd15Hist":-0.00013159427115560406,"atr":0.0001264551972009682},"result":null}
{"time":"2025-09-03T09:03:16.781Z","id":"o_8767486c-49a4-48be-8b66-7674f9cbffa5","symbol":"GBPUSD","direction":"buy","entry":1.3415,"sl":1.34018,"tp":1.34388,"size":2900,"indicators":{"rsi15":68.42,"macd15Hist":0.000530761894911003,"atr":0.0003245597542807347},"result":null}
{"time":"2025-09-03T09:15:23.642Z","id":"o_cf99f007-1578-49ac-9634-7ffa6e31ab21","symbol":"EURJPY","direction":"buy","entry":173.251,"sl":173.131,"tp":173.467,"size":100,"indicators":{"rsi15":64.86,"macd15Hist":0.027318267743834897,"atr":0.021359518610381725},"result":null}
{"time":"2025-09-03T09:30:16.818Z","id":"o_18440e65-eaca-4465-a13e-7611d0266b16","symbol":"GBPUSD","direction":"buy","entry":1.34071,"sl":1.33963,"tp":1.34265,"size":3600,"indicators":{"rsi15":65.37,"macd15Hist":0.0004778974653881625,"atr":0.00027557528261950583},"result":null}
{"time":"2025-09-03T09:40:21.422Z","id":"o_451f3ed3-29d3-4f78-9cc8-539657bf5119","symbol":"USDCHF","direction":"sell","entry":0.80316,"sl":0.80418,"tp":0.80132,"size":3800,"indicators":{"rsi15":29.76,"macd15Hist":-0.00020185154207280831,"atr":0.00013982020894205281},"result":null}
{"time":"2025-09-03T11:00:16.871Z","id":"o_65327686-6517-4ee2-87af-cc54dd679fe0","symbol":"GBPUSD","direction":"buy","entry":1.34055,"sl":1.33936,"tp":1.34269,"size":3200,"indicators":{"rsi15":59.97,"macd15Hist":0.00012524658591986859,"atr":0.00018969554503629974},"result":null}
{"time":"2025-09-03T11:00:24.072Z","id":"o_18ea3e17-a997-4f41-b6ce-8125730c501c","symbol":"EURJPY","direction":"buy","entry":173.14,"sl":173.02,"tp":173.356,"size":100,"indicators":{"rsi15":54.74,"macd15Hist":-0.011083116965245735,"atr":0.01897692489270576},"result":null}
{"time":"2025-09-03T11:30:25.907Z","id":"o_70355948-ee8a-413a-970b-6e78cdfec8d2","symbol":"USDJPY","direction":"buy","entry":148.679,"sl":148.559,"tp":148.895,"size":100,"indicators":{"rsi15":50.76,"macd15Hist":0.004502013457217579,"atr":0.02297321294812039},"result":null}
{"time":"2025-09-03T12:30:25.974Z","id":"o_1e1d6ee0-0a1a-40d4-b285-2d316eb7c5a1","symbol":"USDJPY","direction":"buy","entry":148.625,"sl":148.505,"tp":148.841,"size":100,"indicators":{"rsi15":47.37,"macd15Hist":-0.00261506503276613,"atr":0.023221770525017497},"result":null}
{"time":"2025-09-03T13:00:16.931Z","id":"o_0ec70b99-ee1c-4aba-9e30-ca10046761c9","symbol":"GBPUSD","direction":"buy","entry":1.34268,"sl":1.34129,"tp":1.34518,"size":2800,"indicators":{"rsi15":66.16,"macd15Hist":0.00011685595015677045,"atr":0.0003071388370893026},"result":null}
{"time":"2025-09-03T13:00:21.923Z","id":"o_06eeda0d-96cf-411b-93cb-7feacc7d3989","symbol":"USDCHF","direction":"sell","entry":0.80509,"sl":0.80609,"tp":0.80329,"size":3900,"indicators":{"rsi15":56.02,"macd15Hist":0.00013090198305341363,"atr":0.00015446396376362024},"result":null}
{"time":"2025-09-03T13:45:28.293Z","id":"o_9b7b6fd8-2b00-40f5-b809-03ffcd89e1c6","symbol":"USDCAD","direction":"buy","entry":1.38023,"sl":1.37905,"tp":1.38235,"size":3300,"indicators":{"rsi15":53.06,"macd15Hist":-0.00002727323717664075,"atr":0.00020439922447926815},"result":null}
{"time":"2025-09-03T14:01:19.179Z","id":"o_d3ba2434-d01f-4565-9b6b-aabbc70b283e","symbol":"EURGBP","direction":"sell","entry":0.86834,"sl":0.86934,"tp":0.86654,"size":3800,"indicators":{"rsi15":44.92,"macd15Hist":-0.00003247221397745481,"atr":0.00022238208462955242},"result":null}
{"time":"2025-09-03T14:05:26.106Z","id":"o_861702eb-65c5-49e5-b8a3-a158e5fff148","symbol":"USDJPY","direction":"sell","entry":148.194,"sl":148.34,"tp":147.931,"size":100,"indicators":{"rsi15":29.11,"macd15Hist":-0.026273155895447334,"atr":0.06421765261836022},"result":null}
{"time":"2025-09-03T14:15:14.602Z","id":"o_1099c191-e239-4c93-89ad-bd5214673920","symbol":"EURUSD","direction":"buy","entry":1.16707,"sl":1.16583,"tp":1.1693,"size":3100,"indicators":{"rsi15":67.1,"macd15Hist":0.00015671994832711967,"atr":0.00042237937736868303},"result":null}
{"time":"2025-09-03T14:15:17.286Z","id":"o_d75c12d9-1c46-4391-b90b-05bcc65540a9","symbol":"GBPUSD","direction":"buy","entry":1.34376,"sl":1.34259,"tp":1.34587,"size":3300,"indicators":{"rsi15":67.28,"macd15Hist":0.00012278660243444863,"atr":0.0004502071449630284},"result":null}
{"time":"2025-09-03T14:30:23.738Z","id":"o_82bff06a-c018-42aa-bef3-9725db7014b1","symbol":"EURJPY","direction":"buy","entry":172.968,"sl":172.848,"tp":173.184,"size":100,"indicators":{"rsi15":39.11,"macd15Hist":-0.03482416318169393,"atr":0.036316929239718534},"result":null}
{"time":"2025-09-03T14:54:28.478Z","id":"o_c4e04c8f-9c78-44f9-891b-5a40c49c9ffc","symbol":"USDCAD","direction":"buy","entry":1.37947,"sl":1.37845,"tp":1.38131,"size":3700,"indicators":{"rsi15":47.17,"macd15Hist":-0.000128860144960836,"atr":0.00018601438671383112},"result":null}
{"time":"2025-09-03T15:15:16.907Z","id":"o_8fffba04-6e92-4175-b745-845eda605cb4","symbol":"GBPUSD","direction":"buy","entry":1.34421,"sl":1.34321,"tp":1.34601,"size":3800,"indicators":{"rsi15":65.01,"macd15Hist":0.00009575082368620358,"atr":0.00027840429869390354},"result":null}
{"time":"2025-09-03T16:30:19.190Z","id":"o_98565023-9d1f-4d36-9ed5-53842cb86b6c","symbol":"USDJPY","direction":"sell","entry":147.955,"sl":148.075,"tp":147.739,"size":100,"indicators":{"rsi15":26.11,"macd15Hist":-0.038591121933580885,"atr":0.02294300791430344},"result":null}
{"time":"2025-09-03T16:45:21.427Z","id":"o_04378f71-b8fe-47de-89db-5ca78d05267e","symbol":"USDCAD","direction":"buy","entry":1.37918,"sl":1.37807,"tp":1.38118,"size":3400,"indicators":{"rsi15":46.86,"macd15Hist":-0.000019549133485863258,"atr":0.00007951096697135945},"result":null}
{"time":"2025-09-03T18:15:14.730Z","id":"o_61af3065-3090-4ff4-93fa-c08aba8d9fd8","symbol":"EURUSD","direction":"buy","entry":1.16668,"sl":1.16568,"tp":1.16848,"size":3800,"indicators":{"rsi15":51.98,"macd15Hist":-0.000180567157370605,"atr":0.0001372916598695378},"result":null}
{"time":"2025-09-03T18:15:19.687Z","id":"o_b45ff4bb-c418-4ea6-9596-02b2144516c4","symbol":"USDJPY","direction":"sell","entry":147.962,"sl":148.082,"tp":147.746,"size":100,"indicators":{"rsi15":35.08,"macd15Hist":0.011918684017237002,"atr":0.01550626406505391},"result":null}
{"time":"2025-09-03T20:45:19.250Z","id":"o_f9586224-ec9e-4a2f-9848-30918a016bd9","symbol":"AUDJPY","direction":"sell","entry":96.908,"sl":97.028,"tp":96.692,"size":100,"indicators":{"rsi15":48.21,"macd15Hist":0.012481455124615369,"atr":0.008410615985366191},"result":null}
{"time":"2025-09-03T20:45:21.893Z","id":"o_6c733c1d-d144-4372-8b5c-27f895741b34","symbol":"NZDJPY","direction":"sell","entry":87.014,"sl":87.134,"tp":86.798,"size":100,"indicators":{"rsi15":50.74,"macd15Hist":0.013921637558221716,"atr":0.007767798399773667},"result":null}
{"time":"2025-09-03T23:15:23.870Z","id":"o_53836b53-072c-4a2f-94a7-30b1c1ce0a2c","symbol":"USDJPY","direction":"sell","entry":147.962,"sl":148.082,"tp":147.746,"size":100,"indicators":{"rsi15":39.17,"macd15Hist":0.000461133722208594,"atr":0.01195311688038935},"result":null}
{"time":"2025-09-04T00:15:23.788Z","id":"o_02298f28-4454-4557-a82c-31872299f80f","symbol":"USDJPY","direction":"sell","entry":147.936,"sl":148.056,"tp":147.72,"size":100,"indicators":{"rsi15":36.41,"macd15Hist":-0.008837600231734334,"atr":0.039448566968792315},"result":null}
{"time":"2025-09-04T00:15:26.421Z","id":"o_cbe35bf9-261f-49c4-b7e6-faf751d9b8bd","symbol":"EURJPY","direction":"sell","entry":172.496,"sl":172.616,"tp":172.28,"size":100,"indicators":{"rsi15":38.66,"macd15Hist":-0.006441014282284448,"atr":0.03634069716386686},"result":null}
{"time":"2025-09-04T00:20:23.731Z","id":"o_99289b47-5110-4b50-8e82-bb71dae324ec","symbol":"USDJPY","direction":"sell","entry":148.033,"sl":148.153,"tp":147.817,"size":100,"indicators":{"rsi15":48.16,"macd15Hist":-0.00034985094401033395,"atr":0.037566684062757184},"result":null}
{"time":"2025-09-04T00:20:26.371Z","id":"o_9ffca392-c4eb-4330-8bb3-add0fc06ed06","symbol":"EURJPY","direction":"sell","entry":172.623,"sl":172.743,"tp":172.407,"size":100,"indicators":{"rsi15":48.74,"macd15Hist":0.0017914643501689767,"atr":0.036166269550630674},"result":null}
{"time":"2025-09-04T01:00:21.607Z","id":"o_c9ec32ef-6349-4a6e-8e93-1efbf35a8488","symbol":"NZDJPY","direction":"sell","entry":87.058,"sl":87.178,"tp":86.842,"size":100,"indicators":{"rsi15":56.05,"macd15Hist":0.011889019822141203,"atr":0.022125744279580514},"result":null}
{"time":"2025-09-04T01:00:24.250Z","id":"o_431a3b00-c25f-4c5c-a8f3-326b13270022","symbol":"USDJPY","direction":"sell","entry":147.987,"sl":148.117,"tp":147.753,"size":100,"indicators":{"rsi15":44.66,"macd15Hist":0.005099344488576008,"atr":0.042086464298189366},"result":null}
{"time":"2025-09-04T03:36:23.857Z","id":"o_06f92e91-9177-4911-b0d3-43cd5c3ea9b7","symbol":"USDJPY","direction":"sell","entry":148.231,"sl":148.351,"tp":148.015,"size":100,"indicators":{"rsi15":61.49,"macd15Hist":0.024803943983755683,"atr":0.018717039770009433},"result":null}
{"time":"2025-09-04T05:34:17.080Z","id":"o_f17e6ca0-5e19-427a-8122-69c23430734a","symbol":"EURJPY","direction":"sell","entry":172.67,"sl":172.79,"tp":172.454,"size":100,"indicators":{"rsi15":50.4,"macd15Hist":0.006322844404714983,"atr":0.020337691536136314},"result":null}
{"time":"2025-09-04T06:15:23.884Z","id":"o_3e301580-676b-430d-b5d9-76b6da93fbe8","symbol":"EURJPY","direction":"sell","entry":172.741,"sl":172.861,"tp":172.525,"size":100,"indicators":{"rsi15":56.23,"macd15Hist":0.007511214847076526,"atr":0.020512902285098354},"result":null}
{"time":"2025-09-04T06:15:28.789Z","id":"o_97c5f6f4-f62c-4f26-be43-c0ca8f77a9da","symbol":"AUDJPY","direction":"sell","entry":96.664,"sl":96.784,"tp":96.448,"size":100,"indicators":{"rsi15":32.53,"macd15Hist":-0.013330277949330678,"atr":0.015127188643593381},"result":null}
{"time":"2025-09-04T07:22:17.072Z","id":"o_a2531267-dbbb-4a50-8a41-0189c536a70b","symbol":"GBPUSD","direction":"sell","entry":1.34207,"sl":1.34325,"tp":1.33995,"size":3200,"indicators":{"rsi15":34.98,"macd15Hist":0.00001439635330446014,"atr":0.00021999159083051776},"result":null}
{"time":"2025-09-04T08:00:17.146Z","id":"o_95c00cbf-2735-4540-b5e1-db14dd2b2106","symbol":"GBPUSD","direction":"sell","entry":1.34274,"sl":1.34374,"tp":1.34094,"size":3800,"indicators":{"rsi15":45.47,"macd15Hist":0.000014954165279701512,"atr":0.00019982354372123404},"result":null}
{"time":"2025-09-04T08:01:14.826Z","id":"o_c7e3ecbc-7f70-48c7-81cf-55f4d54db9ad","symbol":"EURUSD","direction":"sell","entry":1.16527,"sl":1.16627,"tp":1.16347,"size":3800,"indicators":{"rsi15":43.2,"macd15Hist":-0.000006189839549163904,"atr":0.00016426658252286283},"result":null}
{"time":"2025-09-04T08:08:17.021Z","id":"o_96431a71-83f1-4b0f-9809-96822b1bcacd","symbol":"GBPUSD","direction":"sell","entry":1.34374,"sl":1.34474,"tp":1.34194,"size":3800,"indicators":{"rsi15":57.3,"macd15Hist":0.00006537011969574028,"atr":0.00019151854324068223},"result":null}
{"time":"2025-09-04T08:30:23.913Z","id":"o_320c4db4-b61c-4403-a6e6-4425a297d6a3","symbol":"EURJPY","direction":"buy","entry":172.916,"sl":172.796,"tp":173.132,"size":100,"indicators":{"rsi15":64.97,"macd15Hist":0.015786149465915326,"atr":0.01999920463157897},"result":null}
{"time":"2025-09-04T08:40:23.939Z","id":"o_67a03872-f279-4761-82f9-b532bc7025c2","symbol":"EURJPY","direction":"buy","entry":172.813,"sl":172.693,"tp":173.029,"size":100,"indicators":{"rsi15":54.53,"macd15Hist":0.00953201841178615,"atr":0.024925945980382478},"result":null}
{"time":"2025-09-04T09:21:17.102Z","id":"o_91a8511b-414a-4604-a1b1-b727eaeef381","symbol":"GBPUSD","direction":"sell","entry":1.34407,"sl":1.34537,"tp":1.34173,"size":2900,"indicators":{"rsi15":54.32,"macd15Hist":0.00019915764537975289,"atr":0.0002410164232165423},"result":null}
{"time":"2025-09-04T09:30:23.923Z","id":"o_9af0800e-9b47-4ac3-b90a-4b8be1883578","symbol":"EURJPY","direction":"buy","entry":172.741,"sl":172.612,"tp":172.973,"size":100,"indicators":{"rsi15":47.83,"macd15Hist":-0.012162369838480722,"atr":0.022990477624150848},"result":null}
{"time":"2025-09-04T10:46:17.114Z","id":"o_41f724cb-b0e0-4d33-9d09-a4181903a672","symbol":"GBPUSD","direction":"buy","entry":1.34539,"sl":1.34439,"tp":1.34719,"size":3800,"indicators":{"rsi15":62.3,"macd15Hist":0.00015466251329476706,"atr":0.0001531537214275179},"result":null}
{"time":"2025-09-04T11:15:26.210Z","id":"o_e8789a4b-4db1-44e6-a488-28a9bc42cee7","symbol":"USDJPY","direction":"buy","entry":148.344,"sl":148.224,"tp":148.56,"size":100,"indicators":{"rsi15":56.26,"macd15Hist":-0.002994251797714953,"atr":0.017261847334086203},"result":null}
{"time":"2025-09-04T12:00:17.226Z","id":"o_6caff8ea-d826-4893-b869-5a5f20cd998e","symbol":"GBPUSD","direction":"buy","entry":1.34359,"sl":1.34243,"tp":1.34568,"size":3200,"indicators":{"rsi15":46.37,"macd15Hist":-0.00015898710437589118,"atr":0.00020531232552153041},"result":null}
{"time":"2025-09-04T12:30:23.927Z","id":"o_965f8556-279e-4982-931a-2d00e385f964","symbol":"EURJPY","direction":"buy","entry":172.764,"sl":172.615,"tp":173.032,"size":100,"indicators":{"rsi15":47.97,"macd15Hist":-0.009928143979114273,"atr":0.043966586845799745},"result":null}
{"time":"2025-09-04T12:30:26.554Z","id":"o_4d2afe44-ff41-4246-aaa0-13d551be7465","symbol":"USDJPY","direction":"buy","entry":148.313,"sl":148.193,"tp":148.529,"size":100,"indicators":{"rsi15":47.58,"macd15Hist":-0.00695880256249274,"atr":0.04858907161695144},"result":null}
{"time":"2025-09-04T12:30:29.221Z","id":"o_3f0f35e3-3a76-4fdd-8c49-ec6f970219a8","symbol":"USDCAD","direction":"buy","entry":1.38241,"sl":1.38132,"tp":1.38437,"size":3400,"indicators":{"rsi15":55.54,"macd15Hist":-0.000032846480266090464,"atr":0.00026873042330138896},"result":null}
{"time":"2025-09-04T12:38:14.802Z","id":"o_e257f2eb-8070-49ab-9aba-d4b36257eec4","symbol":"EURUSD","direction":"sell","entry":1.1635,"sl":1.16471,"tp":1.16132,"size":3100,"indicators":{"rsi15":35.18,"macd15Hist":-0.00009350768545451286,"atr":0.0003114481176766207},"result":null}
{"time":"2025-09-04T12:45:17.206Z","id":"o_01ddbbe8-1825-47b7-b2e6-6aaa0c74a4a2","symbol":"GBPUSD","direction":"buy","entry":1.34296,"sl":1.34173,"tp":1.34517,"size":3000,"indicators":{"rsi15":44.37,"macd15Hist":-0.00018538756233013907,"atr":0.0003488202987091424},"result":null}
{"time":"2025-09-04T12:45:22.168Z","id":"o_aa0b04ee-b825-4f32-ad00-7eeee6b4432e","symbol":"USDCHF","direction":"buy","entry":0.80614,"sl":0.80503,"tp":0.80814,"size":3400,"indicators":{"rsi15":62.64,"macd15Hist":0.00006945489428831562,"atr":0.0002144285754196276},"result":null}
{"time":"2025-09-04T13:15:14.939Z","id":"o_0f39b75c-b7ce-44e2-b7e9-a6cd1320395b","symbol":"EURUSD","direction":"sell","entry":1.16375,"sl":1.16475,"tp":1.16195,"size":3700,"indicators":{"rsi15":40.95,"macd15Hist":-0.0000840625670750129,"atr":0.0002461495830412974},"result":null}
{"time":"2025-09-04T13:15:28.966Z","id":"o_08c94839-3a1b-4754-a790-6eef1db3a494","symbol":"USDCAD","direction":"buy","entry":1.38216,"sl":1.38107,"tp":1.38412,"size":3400,"indicators":{"rsi15":55.06,"macd15Hist":-0.00005240935838088709,"atr":0.00015293776097849296},"result":null}
{"time":"2025-09-04T13:23:14.830Z","id":"o_d0ed491b-4b65-4981-af40-794777c75ec2","symbol":"EURUSD","direction":"sell","entry":1.16525,"sl":1.16625,"tp":1.16345,"size":3700,"indicators":{"rsi15":54.12,"macd15Hist":0.000014216635204081717,"atr":0.000265477548165871},"result":null}
{"time":"2025-09-04T13:23:21.988Z","id":"o_7686a2f4-9a71-4e61-9b88-02b0e494f87e","symbol":"USDCHF","direction":"buy","entry":0.80514,"sl":0.80411,"tp":0.80699,"size":3600,"indicators":{"rsi15":49.72,"macd15Hist":0.000011520392209613987,"atr":0.00016703063704370414},"result":null}
{"time":"2025-09-04T14:00:28.761Z","id":"o_dac9b3fe-2800-4e4f-be1c-1b68b666b04e","symbol":"USDCAD","direction":"buy","entry":1.38207,"sl":1.38047,"tp":1.38495,"size":2300,"indicators":{"rsi15":51.02,"macd15Hist":-0.00012277718352598626,"atr":0.00023405841604257112},"result":null}
{"time":"2025-09-04T14:30:24.004Z","id":"o_fa2b54eb-2f41-4538-8311-aeb939263f69","symbol":"EURJPY","direction":"buy","entry":172.907,"sl":172.766,"tp":173.161,"size":100,"indicators":{"rsi15":58.83,"macd15Hist":0.012484711280560102,"atr":0.03027895941750498},"result":null}
{"time":"2025-09-04T14:30:26.699Z","id":"o_ab4a41ea-c724-4eaf-bda8-81c7b7370a02","symbol":"USDJPY","direction":"buy","entry":148.529,"sl":148.402,"tp":148.758,"size":100,"indicators":{"rsi15":61.74,"macd15Hist":0.007941057651039626,"atr":0.03778670708897955},"result":null}
{"time":"2025-09-04T15:01:17.163Z","id":"o_d8bbbf1b-fbe9-4c9f-9ad4-a8b79da57a58","symbol":"GBPUSD","direction":"buy","entry":1.34278,"sl":1.34178,"tp":1.34458,"size":3700,"indicators":{"rsi15":45.43,"macd15Hist":-0.00015263621370601333,"atr":0.00022089572572605405},"result":null}
{"time":"2025-09-04T15:45:19.468Z","id":"o_7808a761-010c-43f3-90b9-c4c661593966","symbol":"USDJPY","direction":"buy","entry":148.688,"sl":148.568,"tp":148.904,"size":100,"indicators":{"rsi15":65.45,"macd15Hist":0.021612950704066033,"atr":0.01886344378241153},"result":null}
{"time":"2025-09-04T16:15:15.040Z","id":"o_7de7b7d2-7d25-4b75-aed6-73f62725d52f","symbol":"EURUSD","direction":"sell","entry":1.16359,"sl":1.16459,"tp":1.16179,"size":3700,"indicators":{"rsi15":42.83,"macd15Hist":-0.00002147964239204188,"atr":0.00014979591711905226},"result":null}
{"time":"2025-09-04T16:27:17.252Z","id":"o_4e9dc53b-b905-4ccc-9964-2dc7faf9fe0e","symbol":"GBPUSD","direction":"sell","entry":1.34174,"sl":1.34274,"tp":1.33994,"size":3700,"indicators":{"rsi15":41.15,"macd15Hist":-0.0001054696571587203,"atr":0.0001834368960880634},"result":null}
{"time":"2025-09-04T17:00:17.225Z","id":"o_dca0c217-640b-4c32-8ad7-e61f0ef3c399","symbol":"GBPUSD","direction":"sell","entry":1.34207,"sl":1.34307,"tp":1.34027,"size":3700,"indicators":{"rsi15":43.11,"macd15Hist":-0.00011211170870662488,"atr":0.00013880688080662165},"result":null}
{"time":"2025-09-04T18:45:15.124Z","id":"o_0017825c-5d16-42f4-b5a1-7aa8f61c0ded","symbol":"EURUSD","direction":"sell","entry":1.16439,"sl":1.16539,"tp":1.16259,"size":3700,"indicators":{"rsi15":51.95,"macd15Hist":0.00010072293033570561,"atr":0.00010857731065628397},"result":null}
{"time":"2025-09-04T18:45:17.817Z","id":"o_9bd6bdc4-64bd-42c5-9455-812d2cf8a7c7","symbol":"GBPUSD","direction":"sell","entry":1.34264,"sl":1.34364,"tp":1.34084,"size":3700,"indicators":{"rsi15":47.8,"macd15Hist":0.00005967150665864068,"atr":0.00012368820173007763},"result":null}
{"time":"2025-09-04T20:00:19.659Z","id":"o_3849e313-fd42-4f7d-aa55-910898720373","symbol":"AUDJPY","direction":"buy","entry":96.78,"sl":96.66,"tp":96.996,"size":100,"indicators":{"rsi15":51.45,"macd15Hist":-0.0032171262100855504,"atr":0.00774586992734964},"result":null}
{"time":"2025-09-04T20:30:22.057Z","id":"o_9fa6a039-a10c-4ecf-afc4-b8098b1a8eee","symbol":"NZDJPY","direction":"sell","entry":86.78,"sl":86.9,"tp":86.564,"size":100,"indicators":{"rsi15":50.69,"macd15Hist":0.008600149608385517,"atr":0.0064548844587340205},"result":null}
{"time":"2025-09-04T21:15:19.618Z","id":"o_03b5cc73-2c71-471a-8546-38faabec3a6d","symbol":"AUDJPY","direction":"buy","entry":96.846,"sl":96.649,"tp":97.201,"size":100,"indicators":{"rsi15":45.98,"macd15Hist":-0.006350000466573705,"atr":0.02134893120401217},"result":null}
{"time":"2025-09-04T21:34:21.861Z","id":"o_fe22a3b8-8446-498a-b764-f77fbce85327","symbol":"NZDJPY","direction":"sell","entry":86.693,"sl":86.813,"tp":86.477,"size":100,"indicators":{"rsi15":41.75,"macd15Hist":-0.006413174013988582,"atr":0.021606689541988786},"result":null}
{"time":"2025-09-04T22:30:21.883Z","id":"o_a93b0c42-5e6b-43da-a2a6-bbb6ccd873e3","symbol":"NZDJPY","direction":"sell","entry":86.789,"sl":86.909,"tp":86.573,"size":100,"indicators":{"rsi15":53.71,"macd15Hist":0.009226016359814007,"atr":0.006879502154208484},"result":null}
{"time":"2025-09-04T23:15:26.657Z","id":"o_04add28f-b97d-4757-a0ab-dd181828e47b","symbol":"EURJPY","direction":"buy","entry":172.99,"sl":172.87,"tp":173.206,"size":100,"indicators":{"rsi15":52.59,"macd15Hist":0.0011878621005478782,"atr":0.011417358583150568},"result":null}
{"time":"2025-09-05T00:00:24.280Z","id":"o_8774b578-d8dd-4c15-a9e2-3e5ee91f53fd","symbol":"USDJPY","direction":"buy","entry":148.43,"sl":148.31,"tp":148.646,"size":100,"indicators":{"rsi15":43.72,"macd15Hist":-0.005701654582988564,"atr":0.020673888229078896},"result":null}
{"time":"2025-09-05T00:14:26.489Z","id":"o_12039cbc-1a0c-465a-9df1-1f9611a5c5c5","symbol":"EURJPY","direction":"buy","entry":172.887,"sl":172.767,"tp":173.103,"size":100,"indicators":{"rsi15":43.2,"macd15Hist":-0.0032461859728316615,"atr":0.02993782137306665},"result":null}
{"time":"2025-09-05T00:15:24.114Z","id":"o_367fb263-5f74-4737-947e-eadec296cbb7","symbol":"USDJPY","direction":"sell","entry":148.313,"sl":148.433,"tp":148.097,"size":100,"indicators":{"rsi15":35.21,"macd15Hist":-0.014682931431908668,"atr":0.03064483050171828},"result":null}
{"time":"2025-09-05T01:21:26.506Z","id":"o_95418130-3720-42d3-b2c0-baca456c3cbe","symbol":"EURJPY","direction":"buy","entry":172.856,"sl":172.736,"tp":173.072,"size":100,"indicators":{"rsi15":44.16,"macd15Hist":-0.014693360492088841,"atr":0.0277070733083891},"result":null}
{"time":"2025-09-05T02:00:24.178Z","id":"o_5f2e6f43-2352-4288-9960-166702e62858","symbol":"USDJPY","direction":"sell","entry":148.124,"sl":148.244,"tp":147.908,"size":100,"indicators":{"rsi15":30.02,"macd15Hist":-0.02271785067898606,"atr":0.02447776991167181},"result":null}
{"time":"2025-09-05T05:00:15.209Z","id":"o_009de0b4-d82a-43c4-a5dc-e0612bde6c56","symbol":"USDJPY","direction":"sell","entry":148.215,"sl":148.335,"tp":147.999,"size":100,"indicators":{"rsi15":45.26,"macd15Hist":0.017981099713411317,"atr":0.00837890699802544},"result":null}
{"time":"2025-09-05T07:30:17.454Z","id":"o_1a509b41-c93f-4d3e-b6ff-ea42124f1495","symbol":"GBPUSD","direction":"buy","entry":1.34584,"sl":1.34467,"tp":1.34795,"size":3100,"indicators":{"rsi15":56.24,"macd15Hist":-0.00006395538219857702,"atr":0.0002672484002635546},"result":null}
{"time":"2025-09-05T09:00:24.327Z","id":"o_27f3fccc-05ec-457d-8b0c-06b611bcb979","symbol":"EURJPY","direction":"buy","entry":173.118,"sl":172.995,"tp":173.339,"size":100,"indicators":{"rsi15":66.36,"macd15Hist":0.008854629107613657,"atr":0.017843888718036813},"result":null}
{"time":"2025-09-05T09:11:15.101Z","id":"o_ffc76118-c040-47a4-8dc0-66a9be7b433d","symbol":"EURUSD","direction":"buy","entry":1.16874,"sl":1.16765,"tp":1.1707,"size":3400,"indicators":{"rsi15":71.42,"macd15Hist":0.0000898563937939531,"atr":0.00012647162379681904},"result":null}
{"time":"2025-09-05T10:00:17.533Z","id":"o_4fa74ffb-9175-481c-8124-51b1ed796b1e","symbol":"GBPUSD","direction":"buy","entry":1.3482,"sl":1.34709,"tp":1.3502,"size":3300,"indicators":{"rsi15":73.53,"macd15Hist":0.0001428234628338713,"atr":0.00013906140738165153},"result":null}
{"time":"2025-09-05T12:15:17.498Z","id":"o_6089985a-eefa-442c-b630-9ea5f09b9a85","symbol":"GBPUSD","direction":"buy","entry":1.34829,"sl":1.34717,"tp":1.35031,"size":3300,"indicators":{"rsi15":60.06,"macd15Hist":-0.00007675809533334529,"atr":0.00029179493678557983},"result":null}
{"time":"2025-09-05T12:45:15.263Z","id":"o_e15e90ae-944c-4c27-884e-b984bfa0144c","symbol":"EURUSD","direction":"buy","entry":1.17352,"sl":1.17229,"tp":1.17573,"size":3000,"indicators":{"rsi15":80.33,"macd15Hist":0.0004016025048586237,"atr":0.0006724179955558935},"result":null}
{"time":"2025-09-05T12:45:17.932Z","id":"o_4b419133-18ad-4f6c-9fc9-0c2e1d1cd497","symbol":"GBPUSD","direction":"buy","entry":1.35145,"sl":1.3503,"tp":1.35352,"size":3200,"indicators":{"rsi15":72.29,"macd15Hist":0.00027494533241148567,"atr":0.0007135072687499654},"result":null}
{"time":"2025-09-05T12:45:20.650Z","id":"o_08188ce6-5e5c-40d7-9e62-bbce195dabfc","symbol":"EURGBP","direction":"buy","entry":0.8684,"sl":0.86729,"tp":0.8704,"size":3300,"indicators":{"rsi15":63.4,"macd15Hist":0.00012000858978957103,"atr":0.0002302221735498095},"result":null}
{"time":"2025-09-05T12:51:15.312Z","id":"o_98fac9a4-5496-4cea-8f73-c098c9b9fbf8","symbol":"EURUSD","direction":"buy","entry":1.17221,"sl":1.17121,"tp":1.17401,"size":3700,"indicators":{"rsi15":69.42,"macd15Hist":0.00032374495500108304,"atr":0.0006500202842743803},"result":null}
{"time":"2025-09-05T13:15:22.118Z","id":"o_5fed9f3b-7ab7-4700-badb-2d00b590f533","symbol":"USDCHF","direction":"sell","entry":0.79882,"sl":0.79982,"tp":0.79702,"size":3700,"indicators":{"rsi15":17.23,"macd15Hist":-0.0004397643028811383,"atr":0.00032076690464087897},"result":null}
{"time":"2025-09-05T13:15:29.318Z","id":"o_90cef1b0-fb84-418f-b54e-f0c78acd4a91","symbol":"USDCAD","direction":"sell","entry":1.38024,"sl":1.38124,"tp":1.37844,"size":3700,"indicators":{"rsi15":54.12,"macd15Hist":0.00016252776266856427,"atr":0.0003547484334082537},"result":null}
{"time":"2025-09-05T13:21:22.104Z","id":"o_18623c54-6673-4936-b807-1c8b0f7a5f85","symbol":"USDCHF","direction":"sell","entry":0.79973,"sl":0.80073,"tp":0.79793,"size":3700,"indicators":{"rsi15":30.18,"macd15Hist":-0.0003714794025961733,"atr":0.00036451211578798136},"result":null}
{"time":"2025-09-05T13:21:29.281Z","id":"o_529f6090-2eb3-417d-8294-4eb0c3a3f9d4","symbol":"USDCAD","direction":"sell","entry":1.38083,"sl":1.38221,"tp":1.37835,"size":2700,"indicators":{"rsi15":57.74,"macd15Hist":0.00019826565440641685,"atr":0.0003955394193252447},"result":null}
{"time":"2025-09-05T13:30:19.829Z","id":"o_c649a74d-a53e-462e-8060-c2a89639ab2d","symbol":"EURGBP","direction":"buy","entry":0.86693,"sl":0.86586,"tp":0.86886,"size":3500,"indicators":{"rsi15":43.42,"macd15Hist":-0.00006755438414688365,"atr":0.00017671428227823387},"result":null}
{"time":"2025-09-05T13:30:24.797Z","id":"o_828a2202-7fdd-4d9a-a990-fcd693fea5b1","symbol":"EURJPY","direction":"buy","entry":172.671,"sl":172.551,"tp":172.887,"size":100,"indicators":{"rsi15":25.43,"macd15Hist":-0.07026158898781232,"atr":0.05346183955213906},"result":null}
{"time":"2025-09-05T13:46:15.286Z","id":"o_062fb922-734b-4396-aae4-bb4043eb69d9","symbol":"EURUSD","direction":"buy","entry":1.17371,"sl":1.17247,"tp":1.17594,"size":3000,"indicators":{"rsi15":72.62,"macd15Hist":0.0003767293842819614,"atr":0.00039262798320634386},"result":null}
{"time":"2025-09-05T13:46:17.947Z","id":"o_93215f6a-dad9-4bfe-b14a-c849c5ba0edb","symbol":"GBPUSD","direction":"buy","entry":1.35377,"sl":1.35262,"tp":1.35584,"size":3200,"indicators":{"rsi15":71.87,"macd15Hist":0.000539098887728229,"atr":0.00038593022416353326},"result":null}
{"time":"2025-09-05T13:46:27.475Z","id":"o_93a1f6e7-a5a2-475f-9abf-4dbc38f26013","symbol":"USDJPY","direction":"sell","entry":147.175,"sl":147.334,"tp":146.889,"size":100,"indicators":{"rsi15":22.08,"macd15Hist":-0.09619024606704013,"atr":0.05416310799898707},"result":null}
{"time":"2025-09-05T14:45:28.889Z","id":"o_aee6b2f3-2051-46c5-83d4-8e12bf1b5fe1","symbol":"USDCAD","direction":"sell","entry":1.3828,"sl":1.38399,"tp":1.38066,"size":3100,"indicators":{"rsi15":65.78,"macd15Hist":0.00040608619131038404,"atr":0.00030229357373584575},"result":null}
{"time":"2025-09-05T15:00:15.303Z","id":"o_cc444794-bb38-4c49-baed-25e701cf583e","symbol":"EURUSD","direction":"buy","entry":1.17368,"sl":1.17268,"tp":1.17548,"size":3700,"indicators":{"rsi15":64.68,"macd15Hist":0.00008206190191897963,"atr":0.00031087851463858885},"result":null}
{"time":"2025-09-05T15:00:17.968Z","id":"o_906d3b67-98fd-4085-8850-e48de4b276c2","symbol":"GBPUSD","direction":"buy","entry":1.35209,"sl":1.35103,"tp":1.354,"size":3500,"indicators":{"rsi15":58.04,"macd15Hist":-0.00003169703868582171,"atr":0.00034395359237443074},"result":null}
{"time":"2025-09-05T15:10:22.095Z","id":"o_99a12464-f224-4f70-b7dd-625e742bfb24","symbol":"USDCAD","direction":"buy","entry":1.38378,"sl":1.38273,"tp":1.38567,"size":3500,"indicators":{"rsi15":68.67,"macd15Hist":0.00043692244621363203,"atr":0.00023949409517878346},"result":null}
{"time":"2025-09-05T15:49:15.275Z","id":"o_65763df1-a88e-4252-9875-e346b0a6586a","symbol":"EURUSD","direction":"buy","entry":1.17564,"sl":1.17442,"tp":1.17784,"size":3100,"indicators":{"rsi15":70.05,"macd15Hist":0.00013534797855861615,"atr":0.00021410957839620336},"result":null}
{"time":"2025-09-05T15:49:20.247Z","id":"o_5e354501-0831-4d2a-94c0-1b456fb363cf","symbol":"USDJPY","direction":"sell","entry":146.866,"sl":146.986,"tp":146.65,"size":100,"indicators":{"rsi15":24.22,"macd15Hist":-0.0302710993698595,"atr":0.026099244636597036},"result":null}
{"time":"2025-09-05T16:00:22.082Z","id":"o_6674c20a-88b3-474c-af8d-a5ea922e8b08","symbol":"USDCAD","direction":"buy","entry":1.38263,"sl":1.38159,"tp":1.3845,"size":3600,"indicators":{"rsi15":59.27,"macd15Hist":0.00014944867803321773,"atr":0.0001693178525809429},"result":null}
{"time":"2025-09-05T17:30:17.605Z","id":"o_f6bd6271-d2bb-4558-a84e-0afb0406a498","symbol":"GBPUSD","direction":"buy","entry":1.35212,"sl":1.35104,"tp":1.35406,"size":3500,"indicators":{"rsi15":52.34,"macd15Hist":-0.0003850926627091255,"atr":0.00014884092407833817},"result":null}
{"time":"2025-09-05T17:30:20.291Z","id":"o_5363c1d5-4e02-419a-9b03-d7f2b5c1f821","symbol":"USDJPY","direction":"sell","entry":147.189,"sl":147.309,"tp":146.973,"size":100,"indicators":{"rsi15":44.37,"macd15Hist":0.06426643207527566,"atr":0.02161097980045399},"result":null}
{"time":"2025-09-05T17:31:15.348Z","id":"o_d473f6b7-3b19-412a-b9ca-d02f1dcb113e","symbol":"EURUSD","direction":"buy","entry":1.17342,"sl":1.17239,"tp":1.17527,"size":3600,"indicators":{"rsi15":52.97,"macd15Hist":-0.00038443718521843744,"atr":0.00014540766659764618},"result":null}
{"time":"2025-09-05T18:00:22.143Z","id":"o_643d6eb2-8839-49af-bd18-15a225bb25ab","symbol":"USDCAD","direction":"buy","entry":1.38455,"sl":1.38353,"tp":1.38639,"size":3600,"indicators":{"rsi15":66.52,"macd15Hist":0.00014716589396900136,"atr":0.00011607388974645052},"result":null}
{"time":"2025-09-05T20:30:19.884Z","id":"o_ddcbf00a-c468-463e-a7e2-88d9d107b267","symbol":"AUDJPY","direction":"sell","entry":96.653,"sl":96.773,"tp":96.437,"size":100,"indicators":{"rsi15":55.1,"macd15Hist":0.023312157501642748,"atr":0.008486548551032591},"result":null}
{"time":"2025-09-05T20:30:22.523Z","id":"o_4b9b0b20-0f61-4bd1-aaf4-b3aedbea771a","symbol":"NZDJPY","direction":"sell","entry":86.872,"sl":86.992,"tp":86.656,"size":100,"indicators":{"rsi15":57.21,"macd15Hist":0.01730666616241447,"atr":0.007252978259413966},"result":null}
{"time":"2025-09-07T23:30:04.236Z","id":"o_41c28d20-35dd-48ac-948e-76fe4b741c3b","symbol":"NZDJPY","direction":"buy","entry":87.362,"sl":87.242,"tp":87.578,"size":100,"indicators":{"rsi15":73.11,"macd15Hist":0.030557027903404227,"atr":0.016036102107059327},"result":null}
{"time":"2025-09-07T23:31:01.373Z","id":"o_e7146454-28b1-465a-9111-6fddddc6f02f","symbol":"AUDJPY","direction":"buy","entry":97.228,"sl":97.108,"tp":97.444,"size":100,"indicators":{"rsi15":72.84,"macd15Hist":0.0386436016556531,"atr":0.020535026171457627},"result":null}
{"time":"2025-09-07T23:31:06.294Z","id":"o_e3f38143-6ad8-4ff5-a624-3e4806da160b","symbol":"USDJPY","direction":"buy","entry":148.399,"sl":148.279,"tp":148.615,"size":100,"indicators":{"rsi15":69.41,"macd15Hist":0.05747554879933087,"atr":0.03102832338408177},"result":null}
{"time":"2025-09-07T23:31:08.957Z","id":"o_169ec03c-4f6a-4b73-9ee3-074215f5cc75","symbol":"EURJPY","direction":"buy","entry":173.782,"sl":173.662,"tp":173.998,"size":100,"indicators":{"rsi15":72.73,"macd15Hist":0.061190102426735615,"atr":0.03222020291907014},"result":null}
{"time":"2025-09-08T01:31:06.041Z","id":"o_badb98dd-0a8e-4ba4-97e3-3f48f52efa65","symbol":"USDJPY","direction":"buy","entry":148.349,"sl":148.229,"tp":148.565,"size":100,"indicators":{"rsi15":60.31,"macd15Hist":-0.027977611965058602,"atr":0.032088717560777885},"result":null}
{"time":"2025-09-08T02:09:01.623Z","id":"o_b609adbd-a2c6-4a2f-9644-313b71a89695","symbol":"AUDJPY","direction":"buy","entry":97.115,"sl":96.995,"tp":97.331,"size":100,"indicators":{"rsi15":53.38,"macd15Hist":-0.020446169267701708,"atr":0.027229994953848306},"result":null}
{"time":"2025-09-08T02:30:05.997Z","id":"o_efbdd0cb-392a-4702-8b08-c32afeab607f","symbol":"USDJPY","direction":"buy","entry":148.121,"sl":148.001,"tp":148.337,"size":100,"indicators":{"rsi15":50.95,"macd15Hist":-0.06610722228818247,"atr":0.020497140744739288},"result":null}
{"time":"2025-09-08T02:31:08.246Z","id":"o_1b791c3b-c560-4bd1-91a6-2afefe64ad06","symbol":"EURJPY","direction":"buy","entry":173.482,"sl":173.362,"tp":173.698,"size":100,"indicators":{"rsi15":50.55,"macd15Hist":-0.06673756271582121,"atr":0.023698227809076704},"result":null}
{"time":"2025-09-08T06:30:56.934Z","id":"o_826d7398-d3e0-4eca-b084-2e3d83fd75b2","symbol":"EURUSD","direction":"sell","entry":1.17202,"sl":1.17302,"tp":1.17022,"size":3700,"indicators":{"rsi15":54.99,"macd15Hist":0.00009060262709034632,"atr":0.0001811724792395688},"result":null}
{"time":"2025-09-08T06:30:59.579Z","id":"o_fd3b6b86-20cd-44be-b4ca-9c3da6bf9e27","symbol":"GBPUSD","direction":"sell","entry":1.35095,"sl":1.35195,"tp":1.34915,"size":3700,"indicators":{"rsi15":59.58,"macd15Hist":0.0001334912587301994,"atr":0.00020891515016600883},"result":null}
{"time":"2025-09-08T06:31:09.084Z","id":"o_8cd94001-ce96-4680-a4f7-93c61889ccde","symbol":"USDJPY","direction":"buy","entry":148,"sl":147.88,"tp":148.216,"size":100,"indicators":{"rsi15":43.86,"macd15Hist":-0.028588032658337165,"atr":0.02857931680319554},"result":null}
{"time":"2025-09-08T07:15:56.912Z","id":"o_254e3030-1c61-4fb4-8c1b-004ae13c207e","symbol":"EURUSD","direction":"sell","entry":1.17294,"sl":1.17394,"tp":1.17114,"size":3700,"indicators":{"rsi15":64.8,"macd15Hist":0.0001684971122358515,"atr":0.0002099939000406978},"result":null}
{"time":"2025-09-08T07:15:59.563Z","id":"o_3319c687-3cfe-4e2e-b59e-17926762aec7","symbol":"GBPUSD","direction":"sell","entry":1.35178,"sl":1.35278,"tp":1.34998,"size":3700,"indicators":{"rsi15":66.44,"macd15Hist":0.00023866999374061676,"atr":0.00021289919170400392},"result":null}
{"time":"2025-09-08T08:03:06.004Z","id":"o_275e0ecf-f127-4736-8b42-6afbdff40447","symbol":"EURJPY","direction":"buy","entry":173.184,"sl":173.023,"tp":173.474,"size":100,"indicators":{"rsi15":35.19,"macd15Hist":-0.047588794384564176,"atr":0.028228779306410278},"result":null}
{"time":"2025-09-08T10:30:57.039Z","id":"o_60007b65-0b7f-4de1-b0ed-bed7243acc4f","symbol":"EURUSD","direction":"buy","entry":1.17247,"sl":1.17147,"tp":1.17427,"size":3700,"indicators":{"rsi15":51.5,"macd15Hist":-0.00009627712187662357,"atr":0.00013627957679191008},"result":null}
{"time":"2025-09-08T11:45:59.327Z","id":"o_afa7402e-a844-44a4-a0fc-20eb84c96c77","symbol":"GBPUSD","direction":"buy","entry":1.3535,"sl":1.35246,"tp":1.35537,"size":3500,"indicators":{"rsi15":67.02,"macd15Hist":0.00017599562285583264,"atr":0.0001752556862724881},"result":null}
{"time":"2025-09-08T12:46:08.347Z","id":"o_e6f8bb22-dc26-493f-91ab-bae71db0e05f","symbol":"USDJPY","direction":"sell","entry":147.738,"sl":147.858,"tp":147.522,"size":100,"indicators":{"rsi15":45.24,"macd15Hist":0.01120879066761201,"atr":0.02370181517340927},"result":null}
{"time":"2025-09-08T12:46:10.997Z","id":"o_44a37810-fbf0-4fc3-8b6d-43783bc23242","symbol":"USDCAD","direction":"sell","entry":1.37934,"sl":1.38034,"tp":1.37754,"size":3700,"indicators":{"rsi15":26.71,"macd15Hist":-0.00010230366661004276,"atr":0.00014725789165788596},"result":null}
{"time":"2025-09-08T14:01:03.808Z","id":"o_3caedfc4-8f0d-454a-891e-ee3fe5642c0a","symbol":"USDCHF","direction":"sell","entry":0.7935,"sl":0.7945,"tp":0.7917,"size":3700,"indicators":{"rsi15":28.37,"macd15Hist":-0.00014330099386569586,"atr":0.00016891415041226821},"result":null}
{"time":"2025-09-08T14:30:57.039Z","id":"o_8ff77f40-731e-483b-ad08-4ac5faf022f4","symbol":"EURUSD","direction":"buy","entry":1.17488,"sl":1.17367,"tp":1.17706,"size":3000,"indicators":{"rsi15":65.15,"macd15Hist":0.00010675714318754241,"atr":0.00018646954564663514},"result":null}
{"time":"2025-09-08T14:30:59.704Z","id":"o_350f38d6-00ff-423d-b63a-64d3173ebbb4","symbol":"GBPUSD","direction":"buy","entry":1.35409,"sl":1.3528,"tp":1.35641,"size":2800,"indicators":{"rsi15":59.59,"macd15Hist":-0.00005148830410216536,"atr":0.00023646192999607325},"result":null}
{"time":"2025-09-08T14:44:08.437Z","id":"o_ef0b4816-efe4-4a86-9422-7341be282d5a","symbol":"USDJPY","direction":"sell","entry":147.845,"sl":147.965,"tp":147.629,"size":100,"indicators":{"rsi15":56.28,"macd15Hist":0.014651957145091932,"atr":0.030524760692471963},"result":null}
{"time":"2025-09-08T14:45:34.624Z","id":"o_837a3643-c0e1-4cd5-8faa-2e6996d1131f","symbol":"EURJPY","direction":"buy","entry":173.619,"sl":173.495,"tp":173.842,"size":100,"indicators":{"rsi15":68.35,"macd15Hist":0.02769739128951583,"atr":0.022050736402363567},"result":null}
{"time":"2025-09-08T15:10:02.041Z","id":"o_67755d79-6c5d-4723-9ac2-e775b8016c75","symbol":"USDJPY","direction":"sell","entry":147.616,"sl":147.752,"tp":147.371,"size":100,"indicators":{"rsi15":42.01,"macd15Hist":0.0066422793994069945,"atr":0.03096875341866105},"result":null}
{"time":"2025-09-08T17:00:57.023Z","id":"o_b2b2d1ae-c61a-42e3-b6f4-d5d1599f6b14","symbol":"EURUSD","direction":"buy","entry":1.17411,"sl":1.17311,"tp":1.17591,"size":3600,"indicators":{"rsi15":50.83,"macd15Hist":-0.0001531118082908534,"atr":0.00013137315428398904},"result":null}
{"time":"2025-09-08T17:00:59.688Z","id":"o_89c74006-47df-4718-9ada-1e0971747ff0","symbol":"GBPUSD","direction":"buy","entry":1.35381,"sl":1.35279,"tp":1.35565,"size":3600,"indicators":{"rsi15":52.56,"macd15Hist":-0.000173675521650263,"atr":0.00014811748237847147},"result":null}
{"time":"2025-09-08T17:01:03.519Z","id":"o_12acdf73-0e0e-447b-bf43-fe29730b949d","symbol":"USDJPY","direction":"sell","entry":147.687,"sl":147.807,"tp":147.471,"size":100,"indicators":{"rsi15":48.32,"macd15Hist":0.007657148008404807,"atr":0.016123276101881023},"result":null}
{"time":"2025-09-08T17:01:06.178Z","id":"o_50b0ba7b-142f-4884-87a9-5048f23839d8","symbol":"USDCAD","direction":"sell","entry":1.38264,"sl":1.38364,"tp":1.38084,"size":3600,"indicators":{"rsi15":60.15,"macd15Hist":0.00016906953937964123,"atr":0.00009770643076583566},"result":null}
{"time":"2025-09-25T22:00:42.406Z","id":"o_25a40037-45c2-4255-bb5e-95b9c8d71876","symbol":"AUDJPY","direction":"sell","entry":97.928,"sl":98.048,"tp":97.712,"size":100,"indicators":{"rsi15":50.17,"macd15Hist":0.004731170573587693,"atr":0.05580300095511741},"result":null}
{"time":"2025-09-25T22:00:45.106Z","id":"o_c65c9a25-b32b-4762-a276-77e8ff448e03","symbol":"NZDJPY","direction":"sell","entry":86.345,"sl":86.465,"tp":86.129,"size":100,"indicators":{"rsi15":49.18,"macd15Hist":0.0025582208028539014,"atr":0.028479126849482526},"result":null}
{"time":"2025-09-25T23:00:49.258Z","id":"o_7dc3be42-913f-412c-8c45-60c8514a084e","symbol":"EURJPY","direction":"sell","entry":174.728,"sl":174.848,"tp":174.512,"size":100,"indicators":{"rsi15":53.11,"macd15Hist":0.011064341075340179,"atr":0.016526477340638373},"result":null}
{"time":"2025-09-25T23:15:46.870Z","id":"o_4104b528-3017-425f-9468-815b750e6fa5","symbol":"USDJPY","direction":"buy","entry":149.814,"sl":149.694,"tp":150.03,"size":100,"indicators":{"rsi15":58.79,"macd15Hist":-0.018606220454435086,"atr":0.016872629863496493},"result":null}
{"time":"2025-09-26T00:00:49.300Z","id":"o_83abcb99-c75c-4daf-b85a-7b5863e7e0bd","symbol":"EURJPY","direction":"sell","entry":174.705,"sl":174.862,"tp":174.422,"size":100,"indicators":{"rsi15":49.92,"macd15Hist":0.009916045585598856,"atr":0.029259754782364398},"result":null}
{"time":"2025-09-26T01:15:46.819Z","id":"o_0f3a8800-819f-48c6-a6b9-e3f46ae323ec","symbol":"USDJPY","direction":"buy","entry":149.745,"sl":149.625,"tp":149.961,"size":100,"indicators":{"rsi15":47.52,"macd15Hist":-0.021786477840095728,"atr":0.026615555558965387},"result":null}
{"time":"2025-09-26T02:45:49.298Z","id":"o_ed0e9ec7-3bba-4615-bea7-269af366a40c","symbol":"EURJPY","direction":"buy","entry":174.854,"sl":174.734,"tp":175.07,"size":100,"indicators":{"rsi15":59.11,"macd15Hist":0.00821135492104243,"atr":0.014811926257089787},"result":null}
{"time":"2025-09-26T05:15:37.813Z","id":"o_1a7766a5-5592-4992-82ac-c60cac8edad6","symbol":"USDJPY","direction":"buy","entry":149.664,"sl":149.544,"tp":149.88,"size":100,"indicators":{"rsi15":41.97,"macd15Hist":-0.010574249696223337,"atr":0.012573601814147283},"result":null}
{"time":"2025-09-26T08:00:40.089Z","id":"o_97435fe1-8425-4fc6-af15-3e5776084157","symbol":"GBPUSD","direction":"buy","entry":1.33543,"sl":1.33436,"tp":1.33736,"size":3700,"indicators":{"rsi15":50.28,"macd15Hist":-0.0000833829961963544,"atr":0.00017032565023118192},"result":null}
{"time":"2025-09-26T08:15:37.810Z","id":"o_b0eedb15-3285-4756-ad06-1c541c11a9a8","symbol":"EURUSD","direction":"buy","entry":1.16793,"sl":1.16693,"tp":1.16973,"size":4000,"indicators":{"rsi15":54.87,"macd15Hist":-0.00004710563774646667,"atr":0.00016942752076947332},"result":null}
{"time":"2025-09-26T10:51:40.193Z","id":"o_42d0d057-d10d-44fa-a5ad-7081295112bd","symbol":"GBPUSD","direction":"buy","entry":1.33467,"sl":1.33363,"tp":1.33654,"size":3800,"indicators":{"rsi15":39.43,"macd15Hist":-0.0001984964373750491,"atr":0.00016126288217199267},"result":null}
{"time":"2025-09-26T11:15:37.907Z","id":"o_fa13b534-fc14-462a-9744-4de63ee53389","symbol":"EURUSD","direction":"buy","entry":1.16648,"sl":1.16548,"tp":1.16828,"size":3900,"indicators":{"rsi15":36.65,"macd15Hist":-0.00020470524616642474,"atr":0.00012201516078543677},"result":null}
{"time":"2025-09-26T11:45:47.074Z","id":"o_3d0bf56d-dd9c-4973-bed3-bb68703b98f9","symbol":"EURJPY","direction":"buy","entry":174.811,"sl":174.691,"tp":175.027,"size":100,"indicators":{"rsi15":43.16,"macd15Hist":-0.020668954263402792,"atr":0.01904725900098671},"result":null}
{"time":"2025-09-26T12:24:40.214Z","id":"o_eb535701-b970-4d84-a7b0-0fb1e7362114","symbol":"GBPUSD","direction":"buy","entry":1.33665,"sl":1.3354,"tp":1.3389,"size":3200,"indicators":{"rsi15":62.04,"macd15Hist":0.00004035213188388079,"atr":0.00018120147638235373},"result":null}
{"time":"2025-09-26T13:15:51.610Z","id":"o_f3fee0ea-4fe1-42ea-88f4-51a5951ffb07","symbol":"USDCAD","direction":"buy","entry":1.39383,"sl":1.39283,"tp":1.39563,"size":4000,"indicators":{"rsi15":37.99,"macd15Hist":-0.00021843468977764206,"atr":0.00020474548444800696},"result":null}
{"time":"2025-09-26T14:15:37.939Z","id":"o_e120989f-b082-492e-930c-affd00e241cc","symbol":"EURUSD","direction":"buy","entry":1.16952,"sl":1.16852,"tp":1.17132,"size":4000,"indicators":{"rsi15":65.29,"macd15Hist":0.00022131702467994224,"atr":0.0002960395339305496},"result":null}
{"time":"2025-09-26T14:15:47.553Z","id":"o_492b6133-9207-41c1-9e70-0269755ca4c1","symbol":"EURJPY","direction":"buy","entry":175.013,"sl":174.893,"tp":175.229,"size":100,"indicators":{"rsi15":62.46,"macd15Hist":0.02292299239008685,"atr":0.028433094371189373},"result":null}
{"time":"2025-09-26T14:15:50.256Z","id":"o_14250139-2856-40fb-bed2-fd5ebd2ad3f7","symbol":"USDJPY","direction":"sell","entry":149.616,"sl":149.752,"tp":149.371,"size":100,"indicators":{"rsi15":40.68,"macd15Hist":-0.010110422075069438,"atr":0.03416809757825244},"result":null}
{"time":"2025-09-28T23:00:43.174Z","id":"o_46573433-5ca5-4931-aaa1-6b8cf51a2eae","symbol":"AUDJPY","direction":"buy","entry":97.882,"sl":97.762,"tp":98.098,"size":100,"indicators":{"rsi15":50.2,"macd15Hist":-0.0007287732792875288,"atr":0.007291459651014441},"result":null}
{"time":"2025-09-28T23:00:45.842Z","id":"o_09ef1f6b-b759-466b-b170-989e9705a6d9","symbol":"NZDJPY","direction":"buy","entry":86.313,"sl":86.193,"tp":86.529,"size":100,"indicators":{"rsi15":49.67,"macd15Hist":-0.0013897056532126677,"atr":0.0062023403856398185},"result":null}
{"time":"2025-09-28T23:15:49.937Z","id":"o_7a64deee-8232-4968-9d57-adbeee0103d8","symbol":"EURJPY","direction":"buy","entry":174.978,"sl":174.858,"tp":175.194,"size":100,"indicators":{"rsi15":53.8,"macd15Hist":0.003725689608743348,"atr":0.01128507788658129},"result":null}
{"time":"2025-09-28T23:25:50.025Z","id":"o_1acf4c63-d2b8-41d0-ba45-6c31217915d1","symbol":"EURJPY","direction":"buy","entry":174.889,"sl":174.769,"tp":175.105,"size":100,"indicators":{"rsi15":45.95,"macd15Hist":-0.0015711764881211586,"atr":0.017240355705315877},"result":null}
{"time":"2025-09-29T00:15:47.829Z","id":"o_93675c52-4529-4864-867b-c1b376834f1f","symbol":"USDJPY","direction":"sell","entry":149.26,"sl":149.38,"tp":149.044,"size":100,"indicators":{"rsi15":31.21,"macd15Hist":-0.016215235294938173,"atr":0.01859229451729308},"result":null}
{"time":"2025-09-29T01:07:43.166Z","id":"o_8f59bcb3-a2b2-4d14-9f7c-7da03425e33b","symbol":"AUDJPY","direction":"sell","entry":97.759,"sl":97.879,"tp":97.543,"size":100,"indicators":{"rsi15":36.96,"macd15Hist":-0.010330800098546904,"atr":0.014920401811260408},"result":null}
{"time":"2025-09-29T01:30:49.954Z","id":"o_01fd6858-9144-4042-8d04-d117ffec95f1","symbol":"EURJPY","direction":"sell","entry":174.706,"sl":174.826,"tp":174.49,"size":100,"indicators":{"rsi15":33.26,"macd15Hist":-0.02133133858935366,"atr":0.02591093995345699},"result":null}
{"time":"2025-09-29T01:33:47.771Z","id":"o_27456371-603f-4ddd-92bc-951e656a31d6","symbol":"USDJPY","direction":"sell","entry":149.038,"sl":149.158,"tp":148.822,"size":100,"indicators":{"rsi15":26.6,"macd15Hist":-0.030910701773078197,"atr":0.025412247979796763},"result":null}
{"time":"2025-09-29T02:00:45.539Z","id":"o_c48c896a-b084-42b8-a156-5ef8b79a5ab4","symbol":"NZDJPY","direction":"sell","entry":86.083,"sl":86.203,"tp":85.867,"size":100,"indicators":{"rsi15":30.51,"macd15Hist":-0.020021497918301042,"atr":0.014978525611997362},"result":null}
{"time":"2025-09-29T04:25:45.552Z","id":"o_6e154e89-aaf9-4359-b2fd-a119f02ffc92","symbol":"NZDJPY","direction":"sell","entry":86.17,"sl":86.29,"tp":85.954,"size":100,"indicators":{"rsi15":49.37,"macd15Hist":0.006797793909170624,"atr":0.0104636179370516},"result":null}
{"time":"2025-09-29T05:15:43.233Z","id":"o_9b8adde8-c421-434e-aac9-3def68e27bc4","symbol":"AUDJPY","direction":"sell","entry":97.859,"sl":97.979,"tp":97.643,"size":100,"indicators":{"rsi15":58.45,"macd15Hist":0.019364162403940094,"atr":0.01247798349366688},"result":null}
{"time":"2025-09-29T05:45:38.753Z","id":"o_12247d85-2d68-491d-9d39-38780ce58cb4","symbol":"USDJPY","direction":"sell","entry":148.823,"sl":148.943,"tp":148.607,"size":100,"indicators":{"rsi15":29.21,"macd15Hist":0.006680676264143676,"atr":0.029587990641986188},"result":null}
{"time":"2025-09-29T06:45:47.825Z","id":"o_596cd1af-98c0-4c3d-90e6-e03144977c5c","symbol":"EURJPY","direction":"sell","entry":174.451,"sl":174.571,"tp":174.235,"size":100,"indicators":{"rsi15":34.78,"macd15Hist":-0.014130895802383997,"atr":0.021992011712395683},"result":null}
{"time":"2025-09-29T07:15:38.781Z","id":"o_4a3a6ec7-288b-4273-91ff-ea0ea0643510","symbol":"EURUSD","direction":"buy","entry":1.1732,"sl":1.17211,"tp":1.17516,"size":3700,"indicators":{"rsi15":61.12,"macd15Hist":-0.00006863553923057122,"atr":0.00017317945910961928},"result":null}
{"time":"2025-09-29T07:15:41.485Z","id":"o_484bd43c-4a24-4d4c-8e83-7cd9d1f6aeba","symbol":"GBPUSD","direction":"buy","entry":1.34461,"sl":1.3436,"tp":1.34643,"size":4000,"indicators":{"rsi15":72.98,"macd15Hist":-0.00003217438611103555,"atr":0.00018606358005623073},"result":null}
{"time":"2025-09-29T08:26:45.612Z","id":"o_e105d36d-166c-44e5-8215-24a983ee0b0f","symbol":"USDCHF","direction":"sell","entry":0.79644,"sl":0.79744,"tp":0.79464,"size":4000,"indicators":{"rsi15":54.16,"macd15Hist":0.00002119064761415366,"atr":0.00014415996515111136},"result":null}
{"time":"2025-09-29T08:45:38.811Z","id":"o_a64a44e5-d2e2-4c92-9d70-188f05f25a44","symbol":"EURUSD","direction":"buy","entry":1.17201,"sl":1.17098,"tp":1.17386,"size":3900,"indicators":{"rsi15":46.75,"macd15Hist":-0.00015393934160497458,"atr":0.00015123840603838292},"result":null}
{"time":"2025-09-29T09:00:41.079Z","id":"o_aad8f417-e655-44b5-8af8-4e560689d865","symbol":"GBPUSD","direction":"buy","entry":1.34374,"sl":1.34266,"tp":1.34568,"size":3700,"indicators":{"rsi15":51.42,"macd15Hist":-0.0001776963771311775,"atr":0.00016936865914329914},"result":null}
{"time":"2025-09-29T09:15:47.902Z","id":"o_2c27ac4a-520f-4aa5-bc6c-9a60ec83eefb","symbol":"EURJPY","direction":"sell","entry":174.123,"sl":174.243,"tp":173.907,"size":100,"indicators":{"rsi15":26.86,"macd15Hist":-0.01695476402974727,"atr":0.025807329151907026},"result":null}
{"time":"2025-09-29T10:54:47.961Z","id":"o_0f7d1efa-d371-4f90-855d-0303dfd5a374","symbol":"EURJPY","direction":"sell","entry":174.233,"sl":174.353,"tp":174.017,"size":100,"indicators":{"rsi15":42.88,"macd15Hist":0.020956905777176904,"atr":0.015876563317284948},"result":null}
{"time":"2025-09-29T11:00:41.128Z","id":"o_ab572177-1d3b-43ae-8669-d9fc17ce592a","symbol":"GBPUSD","direction":"buy","entry":1.34293,"sl":1.34191,"tp":1.34477,"size":3900,"indicators":{"rsi15":41.23,"macd15Hist":-0.00020725774423036185,"atr":0.0001334139332150597},"result":null}
{"time":"2025-09-29T11:45:38.877Z","id":"o_b721eafb-b1ef-47d9-90fe-4661c78e6409","symbol":"EURUSD","direction":"buy","entry":1.17154,"sl":1.17054,"tp":1.17334,"size":3900,"indicators":{"rsi15":45.21,"macd15Hist":-0.00009122434206081803,"atr":0.00013250022512774698},"result":null}
{"time":"2025-09-29T11:45:50.609Z","id":"o_1c7dcd77-de60-4444-a931-e0134a62f491","symbol":"USDJPY","direction":"sell","entry":148.685,"sl":148.805,"tp":148.469,"size":100,"indicators":{"rsi15":47.21,"macd15Hist":0.03316880402136929,"atr":0.01451567890166562},"result":null}
{"time":"2025-09-29T11:58:45.728Z","id":"o_c890f05f-d883-42b8-a0d2-b965efe48cfb","symbol":"USDCHF","direction":"sell","entry":0.79775,"sl":0.799,"tp":0.7955,"size":3200,"indicators":{"rsi15":60.64,"macd15Hist":0.00021256204527247844,"atr":0.00015069843503863925},"result":null}
{"time":"2025-09-29T11:58:48.408Z","id":"o_dd21c666-9565-42fb-aa55-646061680665","symbol":"EURJPY","direction":"sell","entry":174.305,"sl":174.425,"tp":174.089,"size":100,"indicators":{"rsi15":51.1,"macd15Hist":0.03247077672457124,"atr":0.025454134897585738},"result":null}
{"time":"2025-09-29T12:35:47.921Z","id":"o_58a9a172-edc8-4304-8ab1-48d0fb8d19fc","symbol":"EURJPY","direction":"sell","entry":174.42,"sl":174.54,"tp":174.204,"size":100,"indicators":{"rsi15":59.69,"macd15Hist":0.047941543956947,"atr":0.026105387330332033},"result":null}
{"time":"2025-09-29T12:39:47.982Z","id":"o_438a046d-0012-4ca8-98fd-699520ad0ace","symbol":"EURJPY","direction":"sell","entry":174.522,"sl":174.642,"tp":174.306,"size":100,"indicators":{"rsi15":65.36,"macd15Hist":0.054642398657822416,"atr":0.031147966584655334},"result":null}
{"time":"2025-09-29T12:45:38.935Z","id":"o_5748f5bc-f581-409f-82ed-78b2c5379545","symbol":"EURUSD","direction":"buy","entry":1.17368,"sl":1.17255,"tp":1.17571,"size":3500,"indicators":{"rsi15":61.61,"macd15Hist":0.00019106510417751105,"atr":0.00027757508984310036},"result":null}
{"time":"2025-09-29T12:45:41.638Z","id":"o_a3af9faf-5f49-4d10-a184-e032e68731f7","symbol":"GBPUSD","direction":"buy","entry":1.3446,"sl":1.34352,"tp":1.34654,"size":3700,"indicators":{"rsi15":59.71,"macd15Hist":0.00011222713619779307,"atr":0.000238515462156625},"result":null}
{"time":"2025-09-29T12:45:51.218Z","id":"o_856ef3f2-18a2-44d3-9589-7c91d1557c03","symbol":"USDJPY","direction":"sell","entry":148.698,"sl":148.818,"tp":148.482,"size":100,"indicators":{"rsi15":48.75,"macd15Hist":0.024615088397004097,"atr":0.02241439243316313},"result":null}
{"time":"2025-09-29T14:05:52.554Z","id":"o_7de26623-8bfd-485d-9905-26d78579c25a","symbol":"USDCAD","direction":"buy","entry":1.39376,"sl":1.39266,"tp":1.39574,"size":3600,"indicators":{"rsi15":59.03,"macd15Hist":0.000045795083545305335,"atr":0.00024109117689762407},"result":null}
{"time":"2025-09-29T14:45:41.212Z","id":"o_5e9f73a5-a633-4c5e-bb8b-2d381019d3fb","symbol":"GBPUSD","direction":"buy","entry":1.3426,"sl":1.3416,"tp":1.3444,"size":4000,"indicators":{"rsi15":41.03,"macd15Hist":-0.00021782412469131522,"atr":0.00021013008590319365},"result":null}
{"time":"2025-09-29T14:55:41.120Z","id":"o_0053ff7f-b86d-4450-b8c3-942e958733a8","symbol":"GBPUSD","direction":"buy","entry":1.3418,"sl":1.3408,"tp":1.3436,"size":3900,"indicators":{"rsi15":36.52,"macd15Hist":-0.0002669637258307737,"atr":0.00025562472053467335},"result":null}
{"time":"2025-09-29T15:21:41.177Z","id":"o_6d7055d5-adc8-49db-9a1b-ca7d574a67ed","symbol":"GBPUSD","direction":"buy","entry":1.343,"sl":1.342,"tp":1.3448,"size":3900,"indicators":{"rsi15":46.57,"macd15Hist":-0.0002079479790499792,"atr":0.00022682500296690021},"result":null}
{"time":"2025-09-29T15:30:38.912Z","id":"o_04c45c52-ad95-404e-846f-3d8fd9cbb952","symbol":"EURUSD","direction":"buy","entry":1.1732,"sl":1.1722,"tp":1.175,"size":4000,"indicators":{"rsi15":51.3,"macd15Hist":-0.00010144739947526955,"atr":0.00018075861656071488},"result":null}
{"time":"2025-09-29T16:30:45.783Z","id":"o_a91affb8-4f88-428e-9b7f-ee936822d5da","symbol":"USDCAD","direction":"sell","entry":1.39094,"sl":1.39194,"tp":1.38914,"size":4000,"indicators":{"rsi15":37.7,"macd15Hist":-0.0002480050903962944,"atr":0.00012542814496187808},"result":null}
{"time":"2025-09-29T18:15:38.967Z","id":"o_a96e5125-36a3-4485-afa7-83823fafe9e7","symbol":"EURUSD","direction":"buy","entry":1.17247,"sl":1.17147,"tp":1.17427,"size":3900,"indicators":{"rsi15":45.68,"macd15Hist":-0.00011472858826983615,"atr":0.00008614950561869519},"result":null}
{"time":"2025-09-29T18:15:46.227Z","id":"o_92e3dad1-8d99-4f62-81fe-07e6b0f02692","symbol":"USDCAD","direction":"sell","entry":1.39117,"sl":1.39217,"tp":1.38937,"size":3900,"indicators":{"rsi15":41.74,"macd15Hist":-0.000009571771105328021,"atr":0.00008698366002414503},"result":null}
{"time":"2025-09-29T20:30:45.814Z","id":"o_6c033252-5b3c-4d1c-8d57-126dd5c07ba5","symbol":"NZDJPY","direction":"sell","entry":85.876,"sl":85.996,"tp":85.66,"size":100,"indicators":{"rsi15":44.18,"macd15Hist":0.0025114018164931924,"atr":0.006313301065868648},"result":null}
{"time":"2025-09-29T21:15:43.584Z","id":"o_1c8e4b16-4edb-4e99-961e-e1eab0b2e5d5","symbol":"AUDJPY","direction":"buy","entry":97.863,"sl":97.61,"tp":98.318,"size":100,"indicators":{"rsi15":45.86,"macd15Hist":-0.008807217052362044,"atr":0.018320803523832054},"result":null}
{"time":"2025-09-29T21:36:45.826Z","id":"o_ac543aff-0370-4daf-a0f4-f9dff8f7da61","symbol":"NZDJPY","direction":"sell","entry":85.803,"sl":85.923,"tp":85.587,"size":100,"indicators":{"rsi15":41.72,"macd15Hist":-0.005221467575379654,"atr":0.017603886223292283},"result":null}
{"time":"2025-09-29T22:30:45.829Z","id":"o_ed75c188-023a-43f5-bb2d-0069fc6ba804","symbol":"NZDJPY","direction":"sell","entry":85.832,"sl":85.952,"tp":85.616,"size":100,"indicators":{"rsi15":45.6,"macd15Hist":0.0008154378264237788,"atr":0.010829988399330429},"result":null}
{"time":"2025-09-30T00:50:50.332Z","id":"o_55e8e903-0edc-4ceb-84ba-3b011b526fa8","symbol":"EURJPY","direction":"sell","entry":174.28,"sl":174.4,"tp":174.064,"size":100,"indicators":{"rsi15":51.55,"macd15Hist":0.0041377602996392725,"atr":0.029983581159642274},"result":null}
{"time":"2025-09-30T00:53:45.889Z","id":"o_091c0f55-5faa-4cd8-958f-6afaa745d92b","symbol":"NZDJPY","direction":"sell","entry":85.94,"sl":86.06,"tp":85.724,"size":100,"indicators":{"rsi15":60.23,"macd15Hist":0.013707133588828888,"atr":0.017906513337362612},"result":null}
{"time":"2025-09-30T00:55:50.433Z","id":"o_cfb7c056-4e14-4032-9e20-c4d3d1a07729","symbol":"EURJPY","direction":"sell","entry":174.343,"sl":174.477,"tp":174.102,"size":100,"indicators":{"rsi15":56.85,"macd15Hist":0.008158273120150885,"atr":0.03597573069043905},"result":null}
{"time":"2025-09-30T01:30:45.825Z","id":"o_e65a6c98-febf-4a6d-8c88-df2b959094af","symbol":"NZDJPY","direction":"sell","entry":85.958,"sl":86.078,"tp":85.742,"size":100,"indicators":{"rsi15":59.74,"macd15Hist":0.019847004998264882,"atr":0.017748723656070758},"result":null}
{"time":"2025-09-30T01:45:48.095Z","id":"o_6e3339c0-f698-4daf-86fc-5f41d816c9b9","symbol":"USDJPY","direction":"buy","entry":148.668,"sl":148.548,"tp":148.884,"size":100,"indicators":{"rsi15":53.03,"macd15Hist":0.008572577935255083,"atr":0.02003294685196606},"result":null}
{"time":"2025-09-30T02:56:45.849Z","id":"o_5797fa78-7eb7-4223-964c-0a76ff2d4ca2","symbol":"NZDJPY","direction":"buy","entry":86.074,"sl":85.932,"tp":86.33,"size":100,"indicators":{"rsi15":64.56,"macd15Hist":0.013542780081167567,"atr":0.014165977029178052},"result":null}
{"time":"2025-09-30T04:15:48.151Z","id":"o_540bb915-ddcd-4038-a32e-c34ca66fbbf0","symbol":"USDJPY","direction":"buy","entry":148.534,"sl":148.414,"tp":148.75,"size":100,"indicators":{"rsi15":41.32,"macd15Hist":-0.019935713245058648,"atr":0.012295779567884153},"result":null}
{"time":"2025-09-30T04:45:39.087Z","id":"o_0e11e1d0-c447-485f-a132-2ac55d88107b","symbol":"AUDUSD","direction":"buy","entry":0.66084,"sl":0.65951,"tp":0.66323,"size":2900,"indicators":{"rsi15":71.52,"macd15Hist":0.00016827146867024747,"atr":0.00021572654243242137},"result":null}
{"time":"2025-09-30T04:45:46.322Z","id":"o_1699827b-606e-4d9b-8fe7-b1136ad9b98c","symbol":"NZDJPY","direction":"buy","entry":86.029,"sl":85.845,"tp":86.36,"size":100,"indicators":{"rsi15":55.66,"macd15Hist":-0.0041016535217938965,"atr":0.02782363994521181},"result":null}
{"time":"2025-09-30T05:00:41.410Z","id":"o_eec61a9f-2570-4b3f-8062-ed2061f123e2","symbol":"EURJPY","direction":"sell","entry":174.031,"sl":174.151,"tp":173.815,"size":100,"indicators":{"rsi15":35.29,"macd15Hist":-0.02298344772270617,"atr":0.02093138919622757},"result":null}
{"time":"2025-09-30T06:15:41.386Z","id":"o_8e9d78e7-b63e-4a2c-8d54-fd9c46565880","symbol":"GBPUSD","direction":"buy","entry":1.34386,"sl":1.34286,"tp":1.34566,"size":3900,"indicators":{"rsi15":54.87,"macd15Hist":0.000038457333903319126,"atr":0.00022941906579793936},"result":null}
{"time":"2025-09-30T06:15:50.870Z","id":"o_7cb126c5-dadf-48d6-81a9-ad0e5318d0ef","symbol":"USDJPY","direction":"sell","entry":148.26,"sl":148.38,"tp":148.044,"size":100,"indicators":{"rsi15":30.02,"macd15Hist":-0.03448133739891429,"atr":0.023207065171162236},"result":null}
{"time":"2025-09-30T06:15:55.848Z","id":"o_4e0e0bee-4074-4b29-a42e-74daae7b57c4","symbol":"AUDUSD","direction":"buy","entry":0.6602,"sl":0.6592,"tp":0.662,"size":3900,"indicators":{"rsi15":61.63,"macd15Hist":0.00004957205386834588,"atr":0.0001913647137350531},"result":null}
{"time":"2025-09-30T07:45:48.266Z","id":"o_8f1e75a5-1d01-4804-894a-245fbc503a91","symbol":"EURJPY","direction":"sell","entry":173.728,"sl":173.853,"tp":173.503,"size":100,"indicators":{"rsi15":28.82,"macd15Hist":-0.02250850530018636,"atr":0.03529681353316539},"result":null}
{"time":"2025-09-30T07:57:48.254Z","id":"o_c50a9426-8a36-4412-a646-5f2af4e7c0b9","symbol":"EURJPY","direction":"sell","entry":173.83,"sl":173.95,"tp":173.614,"size":100,"indicators":{"rsi15":37.08,"macd15Hist":-0.015807650599333672,"atr":0.036659826239932566},"result":null}
{"time":"2025-09-30T08:00:39.110Z","id":"o_91e174f4-4551-4675-85a1-49b33770938d","symbol":"EURUSD","direction":"buy","entry":1.1746,"sl":1.17322,"tp":1.17708,"size":2800,"indicators":{"rsi15":65.56,"macd15Hist":0.00011863590990095451,"atr":0.00019785098782151115},"result":null}
{"time":"2025-09-30T08:28:46.049Z","id":"o_7d7f2e03-ffd8-49de-a04f-097687db1d55","symbol":"USDCHF","direction":"sell","entry":0.7959,"sl":0.7969,"tp":0.7941,"size":3900,"indicators":{"rsi15":39.25,"macd15Hist":-0.00012776624487237799,"atr":0.00015102016081876976},"result":null}
{"time":"2025-09-30T09:45:46.031Z","id":"o_a41951eb-a1e3-4e59-886c-d261ef2764e2","symbol":"USDCHF","direction":"sell","entry":0.79687,"sl":0.79787,"tp":0.79507,"size":3900,"indicators":{"rsi15":52.43,"macd15Hist":0.00013723885200600018,"atr":0.00011856281512199913},"result":null}
{"time":"2025-09-30T11:06:46.034Z","id":"o_bf3205a3-552d-497f-ac0d-4097a21364cc","symbol":"USDCHF","direction":"sell","entry":0.79778,"sl":0.79878,"tp":0.79598,"size":3800,"indicators":{"rsi15":63,"macd15Hist":0.00020681190083479364,"atr":0.00011846618584265462},"result":null}
{"time":"2025-09-30T11:30:41.460Z","id":"o_7a817598-400f-4121-8aff-c2d95fc325d6","symbol":"GBPUSD","direction":"buy","entry":1.34327,"sl":1.34226,"tp":1.34509,"size":3800,"indicators":{"rsi15":44.09,"macd15Hist":-0.0002006230177988014,"atr":0.00017109855873433566},"result":null}
{"time":"2025-09-30T11:30:51.034Z","id":"o_75cb59d9-6913-4818-92e5-53034b5aeae6","symbol":"USDJPY","direction":"sell","entry":148.028,"sl":148.148,"tp":147.812,"size":100,"indicators":{"rsi15":44.68,"macd15Hist":0.03600987926431201,"atr":0.014005914003928208},"result":null}
{"time":"2025-09-30T13:03:39.200Z","id":"o_692ecc35-b96d-40cf-abb4-3597becc5fd7","symbol":"EURUSD","direction":"buy","entry":1.1733,"sl":1.1723,"tp":1.1751,"size":3800,"indicators":{"rsi15":41.04,"macd15Hist":-0.00017856614073491256,"atr":0.00018809143757913293},"result":null}
{"time":"2025-09-30T13:07:41.459Z","id":"o_971c281d-1e52-4b69-9559-9bddcba77163","symbol":"GBPUSD","direction":"buy","entry":1.34342,"sl":1.34235,"tp":1.34535,"size":3600,"indicators":{"rsi15":46.13,"macd15Hist":-0.000026373111097746315,"atr":0.00022663342741753215},"result":null}
{"time":"2025-09-30T13:09:39.161Z","id":"o_28128b15-9cf0-45a4-b227-b86333dbe365","symbol":"EURUSD","direction":"buy","entry":1.17215,"sl":1.17115,"tp":1.17395,"size":3800,"indicators":{"rsi15":34.03,"macd15Hist":-0.0002372783914471243,"atr":0.00022209630811080612},"result":null}
{"time":"2025-09-30T13:09:41.839Z","id":"o_1cdde82d-c4f5-456f-9518-dbfad519afa9","symbol":"GBPUSD","direction":"buy","entry":1.34238,"sl":1.34138,"tp":1.34418,"size":3800,"indicators":{"rsi15":41.75,"macd15Hist":-0.00007040729913194955,"atr":0.00023736130575456265},"result":null}
{"time":"2025-09-30T13:15:48.302Z","id":"o_e39cdcbc-d52a-40b3-9388-c0d6f87f972f","symbol":"EURJPY","direction":"sell","entry":173.543,"sl":173.663,"tp":173.327,"size":100,"indicators":{"rsi15":32.42,"macd15Hist":-0.01322016046925538,"atr":0.027684014990278897},"result":null}
{"time":"2025-09-30T13:45:41.520Z","id":"o_c891478a-2dc6-4d0b-b3e0-85e9a4be0496","symbol":"GBPUSD","direction":"buy","entry":1.34399,"sl":1.34243,"tp":1.3468,"size":2400,"indicators":{"rsi15":50.01,"macd15Hist":-0.00006230309545500974,"atr":0.00027892223388096784},"result":null}
{"time":"2025-09-30T14:06:52.965Z","id":"o_8cab7cca-0799-4c4d-b380-9e58e3d17931","symbol":"USDCAD","direction":"buy","entry":1.39094,"sl":1.38994,"tp":1.39274,"size":3800,"indicators":{"rsi15":41.35,"macd15Hist":-0.00010699045692317322,"atr":0.00021421981764005435},"result":null}
{"time":"2025-09-30T14:15:39.243Z","id":"o_bcfd934c-17ce-4fd2-8172-e7d2f2b2787b","symbol":"EURUSD","direction":"buy","entry":1.17445,"sl":1.17345,"tp":1.17625,"size":3800,"indicators":{"rsi15":55.17,"macd15Hist":0.000004415742880196937,"atr":0.00032156736963665416},"result":null}
{"time":"2025-09-30T14:21:43.814Z","id":"o_8644a1e0-f82c-4ff4-9029-3c62b4e50ba7","symbol":"EURGBP","direction":"buy","entry":0.87319,"sl":0.87219,"tp":0.87499,"size":3800,"indicators":{"rsi15":45.53,"macd15Hist":-0.0000823707281769887,"atr":0.0001587317334845192},"result":null}
{"time":"2025-09-30T14:23:52.945Z","id":"o_c12e3690-b512-4c7f-ac0b-3e45744b755d","symbol":"USDCAD","direction":"sell","entry":1.38976,"sl":1.39108,"tp":1.38738,"size":2900,"indicators":{"rsi15":32.98,"macd15Hist":-0.0002156903822467728,"atr":0.000242171379712065},"result":null}
{"time":"2025-09-30T14:45:46.108Z","id":"o_de723e72-e775-45b3-af75-fa0550787df9","symbol":"USDCHF","direction":"sell","entry":0.79543,"sl":0.79643,"tp":0.79363,"size":3800,"indicators":{"rsi15":35.45,"macd15Hist":-0.0002526329532015446,"atr":0.00019427890017980812},"result":null}
{"time":"2025-09-30T14:51:52.917Z","id":"o_f480cb64-0184-43a2-b471-0b201022b006","symbol":"USDCAD","direction":"buy","entry":1.39104,"sl":1.38986,"tp":1.39316,"size":3300,"indicators":{"rsi15":45.12,"macd15Hist":-0.00017119082442271124,"atr":0.00020149586241200923},"result":null}
{"time":"2025-09-30T15:12:43.808Z","id":"o_b254b71f-98db-4594-af81-d4a33f9460cc","symbol":"USDJPY","direction":"sell","entry":147.812,"sl":147.932,"tp":147.596,"size":100,"indicators":{"rsi15":41.11,"macd15Hist":-0.009152106154580605,"atr":0.032990400049715186},"result":null}
{"time":"2025-09-30T15:45:39.253Z","id":"o_ffe7948f-e80c-4183-a738-439ad96ecb98","symbol":"EURUSD","direction":"buy","entry":1.17296,"sl":1.17191,"tp":1.17485,"size":3600,"indicators":{"rsi15":44.04,"macd15Hist":-0.00010567357077764656,"atr":0.00021717606534550583},"result":null}
{"time":"2025-09-30T16:00:43.820Z","id":"o_b96a5115-407a-4caa-afb5-f118ba9a847d","symbol":"USDJPY","direction":"sell","entry":147.949,"sl":148.069,"tp":147.733,"size":100,"indicators":{"rsi15":50.6,"macd15Hist":0.022976781905807472,"atr":0.021198845555599637},"result":null}
{"time":"2025-09-30T16:15:46.129Z","id":"o_a58441ea-3c58-4361-b158-1e698cb814cb","symbol":"USDCAD","direction":"buy","entry":1.39366,"sl":1.39253,"tp":1.39569,"size":3400,"indicators":{"rsi15":63.68,"macd15Hist":0.00023780471077351268,"atr":0.0001486663598007549},"result":null}
{"time":"2025-09-30T17:15:46.142Z","id":"o_e4d786bf-7160-4dee-bb15-4cdf7a9fe2ea","symbol":"USDCAD","direction":"buy","entry":1.39237,"sl":1.39133,"tp":1.39424,"size":3700,"indicators":{"rsi15":51.86,"macd15Hist":0.000015555232198045563,"atr":0.00011944928855411753},"result":null}
{"time":"2025-09-30T17:30:39.235Z","id":"o_cf8f8666-e5b1-4196-a5aa-ff5c8d1f3a7d","symbol":"EURUSD","direction":"buy","entry":1.17573,"sl":1.17471,"tp":1.17757,"size":3800,"indicators":{"rsi15":60.56,"macd15Hist":0.0002415331738120676,"atr":0.00014208592592011268},"result":null}
{"time":"2025-09-30T20:15:46.222Z","id":"o_2c1537a5-a7b9-4b88-a352-2c19303ae318","symbol":"NZDJPY","direction":"sell","entry":85.696,"sl":85.816,"tp":85.48,"size":100,"indicators":{"rsi15":47.95,"macd15Hist":0.003897419628563402,"atr":0.008194596438449036},"result":null}
{"time":"2025-09-30T20:30:43.907Z","id":"o_05295dd0-567f-4377-a5eb-975ece4351de","symbol":"AUDJPY","direction":"sell","entry":97.816,"sl":97.936,"tp":97.6,"size":100,"indicators":{"rsi15":49.71,"macd15Hist":0.0013082561602733912,"atr":0.00815899270091037},"result":null}
{"time":"2025-09-30T23:00:46.204Z","id":"o_216f86a1-4dd8-4246-b954-271def1694c6","symbol":"NZDJPY","direction":"sell","entry":85.713,"sl":85.833,"tp":85.497,"size":100,"indicators":{"rsi15":53.47,"macd15Hist":0.008964059562845027,"atr":0.007707568001654163},"result":null}
{"time":"2025-09-30T23:00:48.871Z","id":"o_dd7fa660-50db-43b5-b86a-c507a324826e","symbol":"USDJPY","direction":"sell","entry":147.926,"sl":148.046,"tp":147.71,"size":100,"indicators":{"rsi15":55.48,"macd15Hist":0.008005513579685469,"atr":0.009268917904238755},"result":null}
{"time":"2025-09-30T23:45:50.602Z","id":"o_88b27835-16d1-45d0-a9a7-44708c97c359","symbol":"EURJPY","direction":"sell","entry":173.607,"sl":173.727,"tp":173.391,"size":100,"indicators":{"rsi15":53.65,"macd15Hist":0.014878797280950012,"atr":0.012367413061365363},"result":null}
